2026-04-20 19:32:19 | INFO     | cs_stack | GET /api/paths/programming-languages
2026-04-20 19:32:19 | INFO     | cs_stack | GET /api/users/me
2026-04-20 19:32:19 | INFO     | cs_stack | GET /api/users/me
2026-04-20 19:32:19 | INFO     | cs_stack | GET /api/users/me -> 200
2026-04-20 19:32:19 | INFO     | cs_stack | GET /api/users/me -> 200
2026-04-20 19:32:19 | INFO     | cs_stack | GET /api/studyplan/me
2026-04-20 19:32:19 | INFO     | cs_stack | GET /api/paths/programming-languages
2026-04-20 19:32:19 | INFO     | cs_stack | GET /api/studyplan/me
2026-04-20 19:32:19 | INFO     | cs_stack | GET /api/studyplan/me -> 200
2026-04-20 19:32:19 | INFO     | cs_stack | GET /api/studyplan/me -> 200
2026-04-20 19:32:19 | INFO     | cs_stack | GET /api/paths/programming-languages -> 200
2026-04-20 19:32:19 | INFO     | cs_stack | GET /api/paths/programming-languages -> 200
2026-04-20 19:32:19 | INFO     | cs_stack | GET /api/skilltree/programming-languages
2026-04-20 19:32:19 | INFO     | cs_stack | GET /api/skilltree/programming-languages
2026-04-20 19:32:19 | INFO     | cs_stack | GET /api/skilltree/programming-languages -> 200
2026-04-20 19:32:19 | INFO     | cs_stack | GET /api/skilltree/programming-languages -> 200
2026-04-20 19:32:20 | INFO     | cs_stack | GET /api/studyplan/me
2026-04-20 19:32:20 | INFO     | cs_stack | GET /api/studyplan/me
2026-04-20 19:32:20 | INFO     | cs_stack | GET /api/studyplan/me -> 200
2026-04-20 19:32:20 | INFO     | cs_stack | GET /api/studyplan/me -> 200
2026-04-20 19:32:23 | INFO     | cs_stack | GET /api/studyplan/me
2026-04-20 19:32:23 | INFO     | cs_stack | GET /api/paths/frontend
2026-04-20 19:32:23 | INFO     | cs_stack | GET /api/paths/frontend
2026-04-20 19:32:23 | INFO     | cs_stack | GET /api/studyplan/me
2026-04-20 19:32:23 | INFO     | cs_stack | GET /api/studyplan/me -> 200
2026-04-20 19:32:23 | INFO     | cs_stack | GET /api/studyplan/me -> 200
2026-04-20 19:32:23 | INFO     | cs_stack | GET /api/paths/frontend -> 200
2026-04-20 19:32:23 | INFO     | cs_stack | GET /api/paths/frontend -> 200
2026-04-20 19:32:23 | INFO     | cs_stack | GET /api/skilltree/frontend
2026-04-20 19:32:23 | INFO     | cs_stack | GET /api/skilltree/frontend
2026-04-20 19:32:23 | INFO     | cs_stack | GET /api/skilltree/frontend -> 200
2026-04-20 19:32:23 | INFO     | cs_stack | GET /api/skilltree/frontend -> 200
2026-04-20 19:32:25 | INFO     | cs_stack | GET /api/courses/html-css-basics
2026-04-20 19:32:25 | INFO     | cs_stack | GET /api/courses/html-css-basics/content
2026-04-20 19:32:25 | INFO     | cs_stack | GET /api/users/me/progress
2026-04-20 19:32:25 | INFO     | cs_stack | GET /api/courses/html-css-basics
2026-04-20 19:32:25 | INFO     | cs_stack | GET /api/users/me/progress
2026-04-20 19:32:25 | INFO     | cs_stack | GET /api/courses/html-css-basics/content
2026-04-20 19:32:25 | INFO     | cs_stack | GET /api/users/me/progress -> 200
2026-04-20 19:32:25 | INFO     | cs_stack | GET /api/users/me/progress -> 200
2026-04-20 19:32:25 | INFO     | cs_stack | GET /api/courses/html-css-basics -> 200
2026-04-20 19:32:25 | INFO     | cs_stack | GET /api/courses/html-css-basics -> 200
2026-04-20 19:32:25 | INFO     | cs_stack | GET /api/courses/html-css-basics/content -> 200
2026-04-20 19:32:25 | INFO     | cs_stack | GET /api/courses/html-css-basics/content -> 200
2026-04-20 19:32:28 | INFO     | cs_stack | PUT /api/users/me/progress/html-css-basics
2026-04-20 19:32:28 | INFO     | cs_stack | PUT /api/users/me/progress/html-css-basics -> 200
2026-04-20 19:35:23 | INFO     | cs_stack | GET /api/paths/
2026-04-20 19:35:23 | INFO     | cs_stack | GET /api/paths/
2026-04-20 19:35:24 | INFO     | cs_stack | GET /api/paths/ -> 200
2026-04-20 19:35:24 | INFO     | cs_stack | GET /api/paths/ -> 200
2026-04-20 19:35:30 | INFO     | cs_stack | GET /api/paths/testing
2026-04-20 19:35:30 | INFO     | cs_stack | GET /api/paths/testing
2026-04-20 19:35:30 | INFO     | cs_stack | GET /api/studyplan/me
2026-04-20 19:35:30 | INFO     | cs_stack | GET /api/studyplan/me
2026-04-20 19:35:30 | INFO     | cs_stack | GET /api/studyplan/me -> 200
2026-04-20 19:35:30 | INFO     | cs_stack | GET /api/studyplan/me -> 200
2026-04-20 19:35:30 | INFO     | cs_stack | GET /api/paths/testing -> 200
2026-04-20 19:35:30 | INFO     | cs_stack | GET /api/paths/testing -> 200
2026-04-20 19:35:30 | INFO     | cs_stack | GET /api/skilltree/testing
2026-04-20 19:35:30 | INFO     | cs_stack | GET /api/skilltree/testing
2026-04-20 19:35:30 | INFO     | cs_stack | GET /api/skilltree/testing -> 200
2026-04-20 19:35:30 | INFO     | cs_stack | GET /api/skilltree/testing -> 200
2026-04-20 19:36:13 | INFO     | cs_stack | POST /api/studyplan/me/course/unit-testing
2026-04-20 19:36:13 | INFO     | cs_stack | POST /api/studyplan/me/course/unit-testing -> 200
2026-04-20 19:36:15 | INFO     | cs_stack | DELETE /api/studyplan/me/course/unit-testing
2026-04-20 19:36:15 | INFO     | cs_stack | DELETE /api/studyplan/me/course/unit-testing -> 200
2026-04-20 19:36:28 | INFO     | cs_stack | GET /api/studyplan/me
2026-04-20 19:36:28 | INFO     | cs_stack | GET /api/studyplan/me
2026-04-20 19:36:28 | INFO     | cs_stack | GET /api/studyplan/me -> 200
2026-04-20 19:36:28 | INFO     | cs_stack | GET /api/studyplan/me -> 200
2026-04-20 19:36:29 | INFO     | cs_stack | GET /api/paths/
2026-04-20 19:36:29 | INFO     | cs_stack | GET /api/paths/
2026-04-20 19:36:30 | INFO     | cs_stack | GET /api/paths/ -> 200
2026-04-20 19:36:30 | INFO     | cs_stack | GET /api/paths/ -> 200
2026-04-20 19:36:30 | INFO     | cs_stack | GET /api/courses
2026-04-20 19:36:30 | INFO     | cs_stack | GET /api/courses
2026-04-20 19:36:30 | INFO     | cs_stack | GET /api/courses -> 307
2026-04-20 19:36:30 | INFO     | cs_stack | GET /api/courses -> 307
2026-04-20 19:36:31 | INFO     | cs_stack | GET /api/courses/
2026-04-20 19:36:31 | INFO     | cs_stack | GET /api/courses/
2026-04-20 19:36:31 | INFO     | cs_stack | GET /api/courses/ -> 200
2026-04-20 19:36:31 | INFO     | cs_stack | GET /api/courses/ -> 200
2026-04-20 19:36:32 | INFO     | cs_stack | GET /api/xp/me
2026-04-20 19:36:32 | INFO     | cs_stack | GET /api/users/me/checkin/calendar
2026-04-20 19:36:32 | INFO     | cs_stack | GET /api/xp/me
2026-04-20 19:36:32 | INFO     | cs_stack | GET /api/xp/me
2026-04-20 19:36:32 | INFO     | cs_stack | GET /api/users/me/stats
2026-04-20 19:36:32 | INFO     | cs_stack | GET /api/users/me/checkin/calendar
2026-04-20 19:36:32 | INFO     | cs_stack | GET /api/xp/me -> 200
2026-04-20 19:36:32 | INFO     | cs_stack | GET /api/users/me/checkin/calendar -> 200
2026-04-20 19:36:32 | INFO     | cs_stack | GET /api/xp/me -> 200
2026-04-20 19:36:32 | INFO     | cs_stack | GET /api/xp/me -> 200
2026-04-20 19:36:32 | INFO     | cs_stack | GET /api/users/me/stats -> 200
2026-04-20 19:36:32 | INFO     | cs_stack | GET /api/users/me/checkin/calendar -> 200
2026-04-20 19:36:32 | INFO     | cs_stack | GET /api/users/me/stats
2026-04-20 19:36:32 | INFO     | cs_stack | GET /api/xp/me
2026-04-20 19:36:32 | INFO     | cs_stack | GET /api/users/me/stats -> 200
2026-04-20 19:36:32 | INFO     | cs_stack | GET /api/xp/me -> 200
2026-04-20 19:36:35 | INFO     | cs_stack | GET /api/paths/
2026-04-20 19:36:35 | INFO     | cs_stack | GET /api/paths/
2026-04-20 19:36:35 | INFO     | cs_stack | GET /api/paths/ -> 200
2026-04-20 19:36:35 | INFO     | cs_stack | GET /api/paths/ -> 200
2026-04-20 19:36:36 | INFO     | cs_stack | GET /api/studyplan/me
2026-04-20 19:36:36 | INFO     | cs_stack | GET /api/studyplan/me
2026-04-20 19:36:36 | INFO     | cs_stack | GET /api/studyplan/me -> 200
2026-04-20 19:36:36 | INFO     | cs_stack | GET /api/studyplan/me -> 200
2026-04-20 19:36:37 | INFO     | cs_stack | GET /api/paths/
2026-04-20 19:36:37 | INFO     | cs_stack | GET /api/paths/
2026-04-20 19:36:37 | INFO     | cs_stack | GET /api/paths/ -> 200
2026-04-20 19:36:37 | INFO     | cs_stack | GET /api/paths/ -> 200
2026-04-20 19:36:38 | INFO     | cs_stack | GET /api/paths/frontend
2026-04-20 19:36:38 | INFO     | cs_stack | GET /api/studyplan/me
2026-04-20 19:36:38 | INFO     | cs_stack | GET /api/studyplan/me
2026-04-20 19:36:38 | INFO     | cs_stack | GET /api/paths/frontend
2026-04-20 19:36:38 | INFO     | cs_stack | GET /api/studyplan/me -> 200
2026-04-20 19:36:38 | INFO     | cs_stack | GET /api/studyplan/me -> 200
2026-04-20 19:36:38 | INFO     | cs_stack | GET /api/paths/frontend -> 200
2026-04-20 19:36:38 | INFO     | cs_stack | GET /api/paths/frontend -> 200
2026-04-20 19:36:38 | INFO     | cs_stack | GET /api/skilltree/frontend
2026-04-20 19:36:38 | INFO     | cs_stack | GET /api/skilltree/frontend
2026-04-20 19:36:38 | INFO     | cs_stack | GET /api/skilltree/frontend -> 200
2026-04-20 19:36:38 | INFO     | cs_stack | GET /api/skilltree/frontend -> 200
2026-04-20 19:39:10 | INFO     | cs_stack | GET /api/paths/
2026-04-20 19:39:10 | INFO     | cs_stack | GET /api/paths/
2026-04-20 19:39:11 | INFO     | cs_stack | GET /api/paths/ -> 200
2026-04-20 19:39:11 | INFO     | cs_stack | GET /api/paths/ -> 200
2026-04-20 19:39:13 | INFO     | cs_stack | GET /api/paths/frontend
2026-04-20 19:39:13 | INFO     | cs_stack | GET /api/studyplan/me
2026-04-20 19:39:13 | INFO     | cs_stack | GET /api/paths/frontend
2026-04-20 19:39:13 | INFO     | cs_stack | GET /api/studyplan/me
2026-04-20 19:39:13 | INFO     | cs_stack | GET /api/studyplan/me -> 200
2026-04-20 19:39:13 | INFO     | cs_stack | GET /api/studyplan/me -> 200
2026-04-20 19:39:13 | INFO     | cs_stack | GET /api/paths/frontend -> 200
2026-04-20 19:39:13 | INFO     | cs_stack | GET /api/paths/frontend -> 200
2026-04-20 19:39:13 | INFO     | cs_stack | GET /api/skilltree/frontend
2026-04-20 19:39:13 | INFO     | cs_stack | GET /api/skilltree/frontend
2026-04-20 19:39:13 | INFO     | cs_stack | GET /api/skilltree/frontend -> 200
2026-04-20 19:39:13 | INFO     | cs_stack | GET /api/skilltree/frontend -> 200
2026-04-20 19:39:15 | INFO     | cs_stack | GET /api/paths/
2026-04-20 19:39:15 | INFO     | cs_stack | GET /api/paths/
2026-04-20 19:39:15 | INFO     | cs_stack | GET /api/paths/ -> 200
2026-04-20 19:39:15 | INFO     | cs_stack | GET /api/paths/ -> 200
2026-04-20 19:39:17 | INFO     | cs_stack | GET /api/paths/frontend
2026-04-20 19:39:17 | INFO     | cs_stack | GET /api/studyplan/me
2026-04-20 19:39:17 | INFO     | cs_stack | GET /api/studyplan/me
2026-04-20 19:39:17 | INFO     | cs_stack | GET /api/paths/frontend
2026-04-20 19:39:17 | INFO     | cs_stack | GET /api/studyplan/me -> 200
2026-04-20 19:39:17 | INFO     | cs_stack | GET /api/studyplan/me -> 200
2026-04-20 19:39:17 | INFO     | cs_stack | GET /api/paths/frontend -> 200
2026-04-20 19:39:17 | INFO     | cs_stack | GET /api/paths/frontend -> 200
2026-04-20 19:39:17 | INFO     | cs_stack | GET /api/skilltree/frontend
2026-04-20 19:39:17 | INFO     | cs_stack | GET /api/skilltree/frontend
2026-04-20 19:39:17 | INFO     | cs_stack | GET /api/skilltree/frontend -> 200
2026-04-20 19:39:17 | INFO     | cs_stack | GET /api/skilltree/frontend -> 200
2026-04-20 19:39:51 | INFO     | cs_stack | GET /api/paths/
2026-04-20 19:39:51 | INFO     | cs_stack | GET /api/paths/
2026-04-20 19:39:51 | INFO     | cs_stack | GET /api/paths/ -> 200
2026-04-20 19:39:51 | INFO     | cs_stack | GET /api/paths/ -> 200
2026-04-20 19:39:53 | INFO     | cs_stack | GET /api/paths/frontend
2026-04-20 19:39:53 | INFO     | cs_stack | GET /api/studyplan/me
2026-04-20 19:39:53 | INFO     | cs_stack | GET /api/paths/frontend
2026-04-20 19:39:53 | INFO     | cs_stack | GET /api/studyplan/me
2026-04-20 19:39:53 | INFO     | cs_stack | GET /api/studyplan/me -> 200
2026-04-20 19:39:53 | INFO     | cs_stack | GET /api/studyplan/me -> 200
2026-04-20 19:39:53 | INFO     | cs_stack | GET /api/paths/frontend -> 200
2026-04-20 19:39:53 | INFO     | cs_stack | GET /api/paths/frontend -> 200
2026-04-20 19:39:53 | INFO     | cs_stack | GET /api/skilltree/frontend
2026-04-20 19:39:53 | INFO     | cs_stack | GET /api/skilltree/frontend
2026-04-20 19:39:53 | INFO     | cs_stack | GET /api/skilltree/frontend -> 200
2026-04-20 19:39:53 | INFO     | cs_stack | GET /api/skilltree/frontend -> 200
2026-04-20 19:42:30 | INFO     | cs_stack | GET /api/paths/
2026-04-20 19:42:30 | INFO     | cs_stack | GET /api/paths/
2026-04-20 19:42:30 | INFO     | cs_stack | GET /api/paths/ -> 200
2026-04-20 19:42:30 | INFO     | cs_stack | GET /api/paths/ -> 200
2026-04-20 19:42:31 | INFO     | cs_stack | GET /api/paths/backend
2026-04-20 19:42:31 | INFO     | cs_stack | GET /api/studyplan/me
2026-04-20 19:42:31 | INFO     | cs_stack | GET /api/studyplan/me
2026-04-20 19:42:31 | INFO     | cs_stack | GET /api/paths/backend
2026-04-20 19:42:31 | INFO     | cs_stack | GET /api/studyplan/me -> 200
2026-04-20 19:42:31 | INFO     | cs_stack | GET /api/studyplan/me -> 200
2026-04-20 19:42:31 | INFO     | cs_stack | GET /api/paths/backend -> 200
2026-04-20 19:42:31 | INFO     | cs_stack | GET /api/paths/backend -> 200
2026-04-20 19:42:31 | INFO     | cs_stack | GET /api/skilltree/backend
2026-04-20 19:42:31 | INFO     | cs_stack | GET /api/skilltree/backend
2026-04-20 19:42:31 | INFO     | cs_stack | GET /api/skilltree/backend -> 200
2026-04-20 19:42:31 | INFO     | cs_stack | GET /api/skilltree/backend -> 200
2026-04-20 19:42:40 | INFO     | cs_stack | POST /api/studyplan/me/course/rest-api-basics
2026-04-20 19:42:40 | INFO     | cs_stack | POST /api/studyplan/me/course/rest-api-basics -> 200
2026-04-20 19:42:44 | INFO     | cs_stack | DELETE /api/studyplan/me/course/rest-api-basics
2026-04-20 19:42:44 | INFO     | cs_stack | DELETE /api/studyplan/me/course/rest-api-basics -> 200
2026-04-20 19:43:00 | INFO     | cs_stack | GET /api/paths/
2026-04-20 19:43:00 | INFO     | cs_stack | GET /api/paths/
2026-04-20 19:43:00 | INFO     | cs_stack | GET /api/paths/ -> 200
2026-04-20 19:43:00 | INFO     | cs_stack | GET /api/paths/ -> 200
2026-04-20 19:43:01 | INFO     | cs_stack | GET /api/paths/frontend
2026-04-20 19:43:01 | INFO     | cs_stack | GET /api/paths/frontend
2026-04-20 19:43:01 | INFO     | cs_stack | GET /api/studyplan/me
2026-04-20 19:43:01 | INFO     | cs_stack | GET /api/studyplan/me
2026-04-20 19:43:01 | INFO     | cs_stack | GET /api/studyplan/me -> 200
2026-04-20 19:43:01 | INFO     | cs_stack | GET /api/studyplan/me -> 200
2026-04-20 19:43:01 | INFO     | cs_stack | GET /api/paths/frontend -> 200
2026-04-20 19:43:01 | INFO     | cs_stack | GET /api/paths/frontend -> 200
2026-04-20 19:43:01 | INFO     | cs_stack | GET /api/skilltree/frontend
2026-04-20 19:43:01 | INFO     | cs_stack | GET /api/skilltree/frontend
2026-04-20 19:43:01 | INFO     | cs_stack | GET /api/skilltree/frontend -> 200
2026-04-20 19:43:01 | INFO     | cs_stack | GET /api/skilltree/frontend -> 200
2026-04-20 19:49:44 | INFO     | cs_stack | GET /api/paths/frontend
2026-04-20 19:49:44 | INFO     | cs_stack | GET /api/studyplan/me
2026-04-20 19:49:44 | INFO     | cs_stack | GET /api/paths/frontend
2026-04-20 19:49:44 | INFO     | cs_stack | GET /api/studyplan/me
2026-04-20 19:49:44 | INFO     | cs_stack | GET /api/studyplan/me -> 200
2026-04-20 19:49:44 | INFO     | cs_stack | GET /api/studyplan/me -> 200
2026-04-20 19:49:44 | INFO     | cs_stack | GET /api/paths/frontend -> 200
2026-04-20 19:49:44 | INFO     | cs_stack | GET /api/paths/frontend -> 200
2026-04-20 19:49:44 | INFO     | cs_stack | GET /api/skilltree/frontend
2026-04-20 19:49:44 | INFO     | cs_stack | GET /api/skilltree/frontend
2026-04-20 19:49:44 | INFO     | cs_stack | GET /api/skilltree/frontend -> 200
2026-04-20 19:49:44 | INFO     | cs_stack | GET /api/skilltree/frontend -> 200
2026-04-20 19:50:49 | INFO     | cs_stack | GET /api/skilltree/frontend
2026-04-20 19:50:49 | INFO     | cs_stack | GET /api/studyplan/me
2026-04-20 19:50:49 | INFO     | cs_stack | GET /api/skilltree/frontend
2026-04-20 19:50:49 | INFO     | cs_stack | GET /api/studyplan/me
2026-04-20 19:50:49 | INFO     | cs_stack | GET /api/skilltree/frontend -> 200
2026-04-20 19:50:49 | INFO     | cs_stack | GET /api/studyplan/me -> 200
2026-04-20 19:50:49 | INFO     | cs_stack | GET /api/skilltree/frontend -> 200
2026-04-20 19:50:49 | INFO     | cs_stack | GET /api/studyplan/me -> 200
2026-04-20 19:53:58 | INFO     | cs_stack | GET /api/users/me
2026-04-20 19:53:58 | INFO     | cs_stack | GET /api/paths/frontend
2026-04-20 19:53:58 | INFO     | cs_stack | GET /api/paths/frontend
2026-04-20 19:53:58 | INFO     | cs_stack | GET /api/users/me
2026-04-20 19:53:58 | INFO     | cs_stack | GET /api/studyplan/me
2026-04-20 19:53:58 | INFO     | cs_stack | GET /api/studyplan/me
2026-04-20 19:53:58 | INFO     | cs_stack | GET /api/users/me -> 200
2026-04-20 19:53:58 | INFO     | cs_stack | GET /api/studyplan/me -> 200
2026-04-20 19:53:58 | INFO     | cs_stack | GET /api/users/me -> 200
2026-04-20 19:53:58 | INFO     | cs_stack | GET /api/studyplan/me -> 200
2026-04-20 19:53:58 | INFO     | cs_stack | GET /api/paths/frontend -> 200
2026-04-20 19:53:58 | INFO     | cs_stack | GET /api/paths/frontend -> 200
2026-04-20 19:53:59 | INFO     | cs_stack | GET /api/skilltree/frontend
2026-04-20 19:53:59 | INFO     | cs_stack | GET /api/skilltree/frontend
2026-04-20 19:53:59 | INFO     | cs_stack | GET /api/studyplan/me
2026-04-20 19:53:59 | INFO     | cs_stack | GET /api/studyplan/me
2026-04-20 19:53:59 | INFO     | cs_stack | GET /api/skilltree/frontend -> 200
2026-04-20 19:53:59 | INFO     | cs_stack | GET /api/skilltree/frontend -> 200
2026-04-20 19:53:59 | INFO     | cs_stack | GET /api/studyplan/me -> 200
2026-04-20 19:53:59 | INFO     | cs_stack | GET /api/studyplan/me -> 200
2026-04-20 19:54:20 | INFO     | cs_stack | GET /api/paths/
2026-04-20 19:54:20 | INFO     | cs_stack | GET /api/paths/
2026-04-20 19:54:20 | INFO     | cs_stack | GET /api/paths/ -> 200
2026-04-20 19:54:20 | INFO     | cs_stack | GET /api/paths/ -> 200
2026-04-20 19:54:21 | INFO     | cs_stack | GET /api/studyplan/me
2026-04-20 19:54:21 | INFO     | cs_stack | GET /api/studyplan/me
2026-04-20 19:54:21 | INFO     | cs_stack | GET /api/studyplan/me -> 200
2026-04-20 19:54:21 | INFO     | cs_stack | GET /api/studyplan/me -> 200
2026-04-20 19:54:22 | INFO     | cs_stack | GET /api/paths/
2026-04-20 19:54:22 | INFO     | cs_stack | GET /api/paths/
2026-04-20 19:54:22 | INFO     | cs_stack | GET /api/paths/ -> 200
2026-04-20 19:54:22 | INFO     | cs_stack | GET /api/paths/ -> 200
2026-04-20 19:54:24 | INFO     | cs_stack | GET /api/studyplan/me
2026-04-20 19:54:24 | INFO     | cs_stack | GET /api/studyplan/me
2026-04-20 19:54:24 | INFO     | cs_stack | GET /api/studyplan/me -> 200
2026-04-20 19:54:24 | INFO     | cs_stack | GET /api/studyplan/me -> 200
2026-04-20 19:54:27 | INFO     | cs_stack | GET /api/paths/
2026-04-20 19:54:27 | INFO     | cs_stack | GET /api/paths/
2026-04-20 19:54:27 | INFO     | cs_stack | GET /api/paths/ -> 200
2026-04-20 19:54:27 | INFO     | cs_stack | GET /api/paths/ -> 200
2026-04-20 19:54:33 | INFO     | cs_stack | GET /api/paths/frontend
2026-04-20 19:54:33 | INFO     | cs_stack | GET /api/studyplan/me
2026-04-20 19:54:33 | INFO     | cs_stack | GET /api/studyplan/me
2026-04-20 19:54:33 | INFO     | cs_stack | GET /api/paths/frontend
2026-04-20 19:54:33 | INFO     | cs_stack | GET /api/studyplan/me -> 200
2026-04-20 19:54:33 | INFO     | cs_stack | GET /api/studyplan/me -> 200
2026-04-20 19:54:33 | INFO     | cs_stack | GET /api/paths/frontend -> 200
2026-04-20 19:54:33 | INFO     | cs_stack | GET /api/paths/frontend -> 200
2026-04-20 19:54:33 | INFO     | cs_stack | GET /api/skilltree/frontend
2026-04-20 19:54:33 | INFO     | cs_stack | GET /api/skilltree/frontend
2026-04-20 19:54:33 | INFO     | cs_stack | GET /api/studyplan/me
2026-04-20 19:54:33 | INFO     | cs_stack | GET /api/studyplan/me
2026-04-20 19:54:33 | INFO     | cs_stack | GET /api/skilltree/frontend -> 200
2026-04-20 19:54:33 | INFO     | cs_stack | GET /api/studyplan/me -> 200
2026-04-20 19:54:33 | INFO     | cs_stack | GET /api/skilltree/frontend -> 200
2026-04-20 19:54:33 | INFO     | cs_stack | GET /api/studyplan/me -> 200
2026-04-20 19:54:36 | INFO     | cs_stack | GET /api/paths/
2026-04-20 19:54:36 | INFO     | cs_stack | GET /api/paths/
2026-04-20 19:54:36 | INFO     | cs_stack | GET /api/paths/ -> 200
2026-04-20 19:54:36 | INFO     | cs_stack | GET /api/paths/ -> 200
2026-04-20 19:54:36 | INFO     | cs_stack | GET /api/paths/backend
2026-04-20 19:54:36 | INFO     | cs_stack | GET /api/studyplan/me
2026-04-20 19:54:36 | INFO     | cs_stack | GET /api/studyplan/me
2026-04-20 19:54:36 | INFO     | cs_stack | GET /api/paths/backend
2026-04-20 19:54:36 | INFO     | cs_stack | GET /api/studyplan/me -> 200
2026-04-20 19:54:36 | INFO     | cs_stack | GET /api/studyplan/me -> 200
2026-04-20 19:54:36 | INFO     | cs_stack | GET /api/paths/backend -> 200
2026-04-20 19:54:36 | INFO     | cs_stack | GET /api/paths/backend -> 200
2026-04-20 19:54:36 | INFO     | cs_stack | GET /api/skilltree/backend
2026-04-20 19:54:36 | INFO     | cs_stack | GET /api/studyplan/me
2026-04-20 19:54:36 | INFO     | cs_stack | GET /api/studyplan/me
2026-04-20 19:54:36 | INFO     | cs_stack | GET /api/skilltree/backend
2026-04-20 19:54:36 | INFO     | cs_stack | GET /api/skilltree/backend -> 200
2026-04-20 19:54:36 | INFO     | cs_stack | GET /api/studyplan/me -> 200
2026-04-20 19:54:36 | INFO     | cs_stack | GET /api/skilltree/backend -> 200
2026-04-20 19:54:36 | INFO     | cs_stack | GET /api/studyplan/me -> 200
2026-04-20 19:54:50 | INFO     | cs_stack | GET /api/paths/
2026-04-20 19:54:50 | INFO     | cs_stack | GET /api/paths/
2026-04-20 19:54:50 | INFO     | cs_stack | GET /api/paths/ -> 200
2026-04-20 19:54:50 | INFO     | cs_stack | GET /api/paths/ -> 200
2026-04-20 19:54:51 | INFO     | cs_stack | GET /api/paths/programming-languages
2026-04-20 19:54:51 | INFO     | cs_stack | GET /api/studyplan/me
2026-04-20 19:54:51 | INFO     | cs_stack | GET /api/paths/programming-languages
2026-04-20 19:54:51 | INFO     | cs_stack | GET /api/studyplan/me
2026-04-20 19:54:51 | INFO     | cs_stack | GET /api/studyplan/me -> 200
2026-04-20 19:54:51 | INFO     | cs_stack | GET /api/studyplan/me -> 200
2026-04-20 19:54:52 | INFO     | cs_stack | GET /api/paths/programming-languages -> 200
2026-04-20 19:54:52 | INFO     | cs_stack | GET /api/paths/programming-languages -> 200
2026-04-20 19:54:52 | INFO     | cs_stack | GET /api/skilltree/programming-languages
2026-04-20 19:54:52 | INFO     | cs_stack | GET /api/studyplan/me
2026-04-20 19:54:52 | INFO     | cs_stack | GET /api/studyplan/me
2026-04-20 19:54:52 | INFO     | cs_stack | GET /api/skilltree/programming-languages
2026-04-20 19:54:52 | INFO     | cs_stack | GET /api/skilltree/programming-languages -> 200
2026-04-20 19:54:52 | INFO     | cs_stack | GET /api/skilltree/programming-languages -> 200
2026-04-20 19:54:52 | INFO     | cs_stack | GET /api/studyplan/me -> 200
2026-04-20 19:54:52 | INFO     | cs_stack | GET /api/studyplan/me -> 200
2026-04-20 19:54:53 | INFO     | cs_stack | GET /api/studyplan/me
2026-04-20 19:54:53 | INFO     | cs_stack | GET /api/studyplan/me
2026-04-20 19:54:53 | INFO     | cs_stack | GET /api/studyplan/me -> 200
2026-04-20 19:54:53 | INFO     | cs_stack | GET /api/studyplan/me -> 200
2026-04-20 19:55:03 | INFO     | cs_stack | GET /api/users/me
2026-04-20 19:55:03 | INFO     | cs_stack | GET /api/users/me
2026-04-20 19:55:03 | INFO     | cs_stack | GET /api/users/me -> 200
2026-04-20 19:55:03 | INFO     | cs_stack | GET /api/users/me -> 200
2026-04-20 19:55:07 | INFO     | cs_stack | GET /api/xp/me
2026-04-20 19:55:07 | INFO     | cs_stack | GET /api/users/me/checkin/calendar
2026-04-20 19:55:07 | INFO     | cs_stack | GET /api/xp/me
2026-04-20 19:55:07 | INFO     | cs_stack | GET /api/users/me/stats
2026-04-20 19:55:07 | INFO     | cs_stack | GET /api/xp/me
2026-04-20 19:55:07 | INFO     | cs_stack | GET /api/users/me/checkin/calendar
2026-04-20 19:55:07 | INFO     | cs_stack | GET /api/xp/me -> 200
2026-04-20 19:55:07 | INFO     | cs_stack | GET /api/users/me/checkin/calendar -> 200
2026-04-20 19:55:07 | INFO     | cs_stack | GET /api/xp/me -> 200
2026-04-20 19:55:07 | INFO     | cs_stack | GET /api/users/me/stats -> 200
2026-04-20 19:55:07 | INFO     | cs_stack | GET /api/xp/me -> 200
2026-04-20 19:55:07 | INFO     | cs_stack | GET /api/users/me/checkin/calendar -> 200
2026-04-20 19:55:07 | INFO     | cs_stack | GET /api/users/me/stats
2026-04-20 19:55:07 | INFO     | cs_stack | GET /api/users/me/stats -> 200
2026-04-20 19:55:07 | INFO     | cs_stack | GET /api/xp/me
2026-04-20 19:55:07 | INFO     | cs_stack | GET /api/xp/me -> 200
2026-04-20 19:55:10 | INFO     | cs_stack | GET /api/paths/
2026-04-20 19:55:10 | INFO     | cs_stack | GET /api/paths/
2026-04-20 19:55:10 | INFO     | cs_stack | GET /api/paths/ -> 200
2026-04-20 19:55:10 | INFO     | cs_stack | GET /api/paths/ -> 200
2026-04-20 19:55:12 | INFO     | cs_stack | GET /api/studyplan/me
2026-04-20 19:55:12 | INFO     | cs_stack | GET /api/studyplan/me
2026-04-20 19:55:12 | INFO     | cs_stack | GET /api/studyplan/me -> 200
2026-04-20 19:55:12 | INFO     | cs_stack | GET /api/studyplan/me -> 200
2026-04-20 19:55:13 | INFO     | cs_stack | GET /api/courses
2026-04-20 19:55:13 | INFO     | cs_stack | GET /api/courses -> 307
2026-04-20 19:55:13 | INFO     | cs_stack | GET /api/courses
2026-04-20 19:55:13 | INFO     | cs_stack | GET /api/courses -> 307
2026-04-20 19:55:13 | INFO     | cs_stack | GET /api/courses/
2026-04-20 19:55:13 | INFO     | cs_stack | GET /api/courses/
2026-04-20 19:55:13 | INFO     | cs_stack | GET /api/courses/ -> 200
2026-04-20 19:55:13 | INFO     | cs_stack | GET /api/courses/ -> 200
2026-04-20 19:55:14 | INFO     | cs_stack | GET /api/paths/
2026-04-20 19:55:14 | INFO     | cs_stack | GET /api/paths/
2026-04-20 19:55:14 | INFO     | cs_stack | GET /api/paths/ -> 200
2026-04-20 19:55:14 | INFO     | cs_stack | GET /api/paths/ -> 200
2026-04-20 19:55:14 | INFO     | cs_stack | GET /api/studyplan/me
2026-04-20 19:55:14 | INFO     | cs_stack | GET /api/studyplan/me
2026-04-20 19:55:14 | INFO     | cs_stack | GET /api/studyplan/me -> 200
2026-04-20 19:55:14 | INFO     | cs_stack | GET /api/studyplan/me -> 200
2026-04-20 19:55:16 | INFO     | cs_stack | GET /api/paths/
2026-04-20 19:55:16 | INFO     | cs_stack | GET /api/paths/
2026-04-20 19:55:16 | INFO     | cs_stack | GET /api/paths/ -> 200
2026-04-20 19:55:16 | INFO     | cs_stack | GET /api/paths/ -> 200
2026-04-20 19:55:17 | INFO     | cs_stack | GET /api/studyplan/me
2026-04-20 19:55:17 | INFO     | cs_stack | GET /api/studyplan/me
2026-04-20 19:55:17 | INFO     | cs_stack | GET /api/studyplan/me -> 200
2026-04-20 19:55:17 | INFO     | cs_stack | GET /api/studyplan/me -> 200
2026-04-20 19:55:17 | INFO     | cs_stack | GET /api/paths/
2026-04-20 19:55:17 | INFO     | cs_stack | GET /api/paths/
2026-04-20 19:55:18 | INFO     | cs_stack | GET /api/paths/ -> 200
2026-04-20 19:55:18 | INFO     | cs_stack | GET /api/paths/ -> 200
2026-04-20 19:55:20 | INFO     | cs_stack | GET /api/studyplan/me
2026-04-20 19:55:20 | INFO     | cs_stack | GET /api/studyplan/me
2026-04-20 19:55:20 | INFO     | cs_stack | GET /api/studyplan/me -> 200
2026-04-20 19:55:20 | INFO     | cs_stack | GET /api/studyplan/me -> 200
2026-04-20 19:55:21 | INFO     | cs_stack | GET /api/paths/
2026-04-20 19:55:21 | INFO     | cs_stack | GET /api/paths/
2026-04-20 19:55:21 | INFO     | cs_stack | GET /api/paths/ -> 200
2026-04-20 19:55:21 | INFO     | cs_stack | GET /api/paths/ -> 200
2026-04-20 19:55:25 | INFO     | cs_stack | GET /api/studyplan/me
2026-04-20 19:55:25 | INFO     | cs_stack | GET /api/paths/frontend
2026-04-20 19:55:25 | INFO     | cs_stack | GET /api/paths/frontend
2026-04-20 19:55:25 | INFO     | cs_stack | GET /api/studyplan/me
2026-04-20 19:55:25 | INFO     | cs_stack | GET /api/studyplan/me -> 200
2026-04-20 19:55:25 | INFO     | cs_stack | GET /api/studyplan/me -> 200
2026-04-20 19:55:25 | INFO     | cs_stack | GET /api/paths/frontend -> 200
2026-04-20 19:55:25 | INFO     | cs_stack | GET /api/paths/frontend -> 200
2026-04-20 19:55:25 | INFO     | cs_stack | GET /api/skilltree/frontend
2026-04-20 19:55:25 | INFO     | cs_stack | GET /api/studyplan/me
2026-04-20 19:55:25 | INFO     | cs_stack | GET /api/skilltree/frontend
2026-04-20 19:55:25 | INFO     | cs_stack | GET /api/studyplan/me
2026-04-20 19:55:25 | INFO     | cs_stack | GET /api/skilltree/frontend -> 200
2026-04-20 19:55:25 | INFO     | cs_stack | GET /api/skilltree/frontend -> 200
2026-04-20 19:55:25 | INFO     | cs_stack | GET /api/studyplan/me -> 200
2026-04-20 19:55:25 | INFO     | cs_stack | GET /api/studyplan/me -> 200
2026-04-20 19:55:37 | INFO     | cs_stack | GET /api/paths/
2026-04-20 19:55:37 | INFO     | cs_stack | GET /api/paths/
2026-04-20 19:55:38 | INFO     | cs_stack | GET /api/paths/ -> 200
2026-04-20 19:55:38 | INFO     | cs_stack | GET /api/paths/ -> 200
2026-04-20 19:55:39 | INFO     | cs_stack | GET /api/studyplan/me
2026-04-20 19:55:39 | INFO     | cs_stack | GET /api/studyplan/me
2026-04-20 19:55:39 | INFO     | cs_stack | GET /api/studyplan/me -> 200
2026-04-20 19:55:39 | INFO     | cs_stack | GET /api/studyplan/me -> 200
2026-04-20 19:55:46 | INFO     | cs_stack | GET /api/paths/
2026-04-20 19:55:46 | INFO     | cs_stack | GET /api/paths/
2026-04-20 19:55:46 | INFO     | cs_stack | GET /api/paths/ -> 200
2026-04-20 19:55:46 | INFO     | cs_stack | GET /api/paths/ -> 200
2026-04-20 19:55:48 | INFO     | cs_stack | GET /api/studyplan/me
2026-04-20 19:55:48 | INFO     | cs_stack | GET /api/studyplan/me
2026-04-20 19:55:48 | INFO     | cs_stack | GET /api/studyplan/me -> 200
2026-04-20 19:55:48 | INFO     | cs_stack | GET /api/studyplan/me -> 200
2026-04-20 19:55:51 | INFO     | cs_stack | GET /api/paths/
2026-04-20 19:55:51 | INFO     | cs_stack | GET /api/paths/
2026-04-20 19:55:51 | INFO     | cs_stack | GET /api/paths/ -> 200
2026-04-20 19:55:51 | INFO     | cs_stack | GET /api/paths/ -> 200
2026-04-20 19:55:53 | INFO     | cs_stack | GET /api/studyplan/me
2026-04-20 19:55:53 | INFO     | cs_stack | GET /api/paths/frontend
2026-04-20 19:55:53 | INFO     | cs_stack | GET /api/paths/frontend
2026-04-20 19:55:53 | INFO     | cs_stack | GET /api/studyplan/me
2026-04-20 19:55:53 | INFO     | cs_stack | GET /api/studyplan/me -> 200
2026-04-20 19:55:53 | INFO     | cs_stack | GET /api/studyplan/me -> 200
2026-04-20 19:55:53 | INFO     | cs_stack | GET /api/paths/frontend -> 200
2026-04-20 19:55:53 | INFO     | cs_stack | GET /api/paths/frontend -> 200
2026-04-20 19:55:53 | INFO     | cs_stack | GET /api/skilltree/frontend
2026-04-20 19:55:53 | INFO     | cs_stack | GET /api/studyplan/me
2026-04-20 19:55:53 | INFO     | cs_stack | GET /api/studyplan/me
2026-04-20 19:55:53 | INFO     | cs_stack | GET /api/skilltree/frontend
2026-04-20 19:55:53 | INFO     | cs_stack | GET /api/skilltree/frontend -> 200
2026-04-20 19:55:53 | INFO     | cs_stack | GET /api/studyplan/me -> 200
2026-04-20 19:55:53 | INFO     | cs_stack | GET /api/studyplan/me -> 200
2026-04-20 19:55:53 | INFO     | cs_stack | GET /api/skilltree/frontend -> 200
2026-04-20 19:58:29 | INFO     | cs_stack | GET /api/paths/
2026-04-20 19:58:29 | INFO     | cs_stack | GET /api/paths/
2026-04-20 19:58:29 | INFO     | cs_stack | GET /api/paths/ -> 200
2026-04-20 19:58:29 | INFO     | cs_stack | GET /api/paths/ -> 200
2026-04-20 19:58:31 | INFO     | cs_stack | GET /api/studyplan/me
2026-04-20 19:58:31 | INFO     | cs_stack | GET /api/studyplan/me
2026-04-20 19:58:31 | INFO     | cs_stack | GET /api/studyplan/me -> 200
2026-04-20 19:58:31 | INFO     | cs_stack | GET /api/studyplan/me -> 200
2026-04-20 19:58:43 | INFO     | cs_stack | GET /api/paths/
2026-04-20 19:58:43 | INFO     | cs_stack | GET /api/paths/
2026-04-20 19:58:43 | INFO     | cs_stack | GET /api/paths/ -> 200
2026-04-20 19:58:43 | INFO     | cs_stack | GET /api/paths/ -> 200
2026-04-20 20:03:30 | INFO     | cs_stack | GET /api/admin/stats
2026-04-20 20:03:30 | INFO     | cs_stack | GET /api/admin/stats -> 200
2026-04-20 20:03:30 | INFO     | cs_stack | GET /api/admin/stats
2026-04-20 20:03:30 | INFO     | cs_stack | GET /api/admin/stats -> 200
2026-04-20 20:03:31 | INFO     | cs_stack | GET /api/users/me/stats
2026-04-20 20:03:31 | INFO     | cs_stack | GET /api/xp/me
2026-04-20 20:03:31 | INFO     | cs_stack | GET /api/users/me/checkin/calendar
2026-04-20 20:03:31 | INFO     | cs_stack | GET /api/users/me/stats -> 200
2026-04-20 20:03:31 | INFO     | cs_stack | GET /api/xp/me -> 200
2026-04-20 20:03:31 | INFO     | cs_stack | GET /api/users/me/checkin/calendar -> 200
2026-04-20 20:03:31 | INFO     | cs_stack | GET /api/users/me/stats
2026-04-20 20:03:31 | INFO     | cs_stack | GET /api/xp/me
2026-04-20 20:03:31 | INFO     | cs_stack | GET /api/users/me/checkin/calendar
2026-04-20 20:03:31 | INFO     | cs_stack | GET /api/users/me/stats -> 200
2026-04-20 20:03:31 | INFO     | cs_stack | GET /api/users/me/checkin/calendar -> 200
2026-04-20 20:03:31 | INFO     | cs_stack | GET /api/xp/me -> 200
2026-04-20 20:03:31 | INFO     | cs_stack | GET /api/xp/me
2026-04-20 20:03:31 | INFO     | cs_stack | GET /api/xp/me -> 200
2026-04-20 20:03:31 | INFO     | cs_stack | GET /api/xp/me
2026-04-20 20:03:31 | INFO     | cs_stack | GET /api/xp/me -> 200
2026-04-20 20:04:54 | INFO     | cs_stack | GET /api/paths/
2026-04-20 20:04:54 | INFO     | cs_stack | GET /api/paths/ -> 200
2026-04-20 20:04:54 | INFO     | cs_stack | GET /api/paths/
2026-04-20 20:04:54 | INFO     | cs_stack | GET /api/paths/ -> 200
2026-04-20 20:04:55 | INFO     | cs_stack | GET /api/paths/frontend
2026-04-20 20:04:55 | INFO     | cs_stack | GET /api/studyplan/me
2026-04-20 20:04:55 | INFO     | cs_stack | GET /api/studyplan/me -> 200
2026-04-20 20:04:55 | INFO     | cs_stack | GET /api/studyplan/me
2026-04-20 20:04:55 | INFO     | cs_stack | GET /api/studyplan/me -> 200
2026-04-20 20:04:55 | INFO     | cs_stack | GET /api/paths/frontend -> 200
2026-04-20 20:04:55 | INFO     | cs_stack | GET /api/paths/frontend
2026-04-20 20:04:55 | INFO     | cs_stack | GET /api/studyplan/me
2026-04-20 20:04:55 | INFO     | cs_stack | GET /api/skilltree/frontend
2026-04-20 20:04:55 | INFO     | cs_stack | GET /api/skilltree/frontend -> 200
2026-04-20 20:04:55 | INFO     | cs_stack | GET /api/studyplan/me -> 200
2026-04-20 20:04:55 | INFO     | cs_stack | GET /api/paths/frontend -> 200
2026-04-20 20:04:55 | INFO     | cs_stack | GET /api/studyplan/me
2026-04-20 20:04:55 | INFO     | cs_stack | GET /api/skilltree/frontend
2026-04-20 20:04:55 | INFO     | cs_stack | GET /api/skilltree/frontend -> 200
2026-04-20 20:04:55 | INFO     | cs_stack | GET /api/studyplan/me -> 200
2026-04-20 20:05:24 | INFO     | cs_stack | GET /api/courses/html-css-basics/content
2026-04-20 20:05:24 | INFO     | cs_stack | GET /api/courses/html-css-basics
2026-04-20 20:05:24 | INFO     | cs_stack | GET /api/users/me/progress
2026-04-20 20:05:24 | INFO     | cs_stack | GET /api/users/me/progress -> 200
2026-04-20 20:05:24 | INFO     | cs_stack | GET /api/courses/html-css-basics -> 200
2026-04-20 20:05:24 | INFO     | cs_stack | GET /api/courses/html-css-basics/content -> 200
2026-04-20 20:05:24 | INFO     | cs_stack | GET /api/users/me/progress
2026-04-20 20:05:24 | INFO     | cs_stack | GET /api/courses/html-css-basics
2026-04-20 20:05:24 | INFO     | cs_stack | GET /api/courses/html-css-basics/content
2026-04-20 20:05:24 | INFO     | cs_stack | GET /api/users/me/progress -> 200
2026-04-20 20:05:24 | INFO     | cs_stack | GET /api/courses/html-css-basics -> 200
2026-04-20 20:05:24 | INFO     | cs_stack | GET /api/courses/html-css-basics/content -> 200
2026-04-20 20:06:37 | INFO     | cs_stack | GET /api/paths/frontend
2026-04-20 20:06:37 | INFO     | cs_stack | GET /api/studyplan/me
2026-04-20 20:06:37 | INFO     | cs_stack | GET /api/studyplan/me -> 200
2026-04-20 20:06:37 | INFO     | cs_stack | GET /api/studyplan/me
2026-04-20 20:06:37 | INFO     | cs_stack | GET /api/studyplan/me -> 200
2026-04-20 20:06:37 | INFO     | cs_stack | GET /api/paths/frontend -> 200
2026-04-20 20:06:37 | INFO     | cs_stack | GET /api/paths/frontend
2026-04-20 20:06:37 | INFO     | cs_stack | GET /api/skilltree/frontend
2026-04-20 20:06:37 | INFO     | cs_stack | GET /api/studyplan/me
2026-04-20 20:06:37 | INFO     | cs_stack | GET /api/skilltree/frontend -> 200
2026-04-20 20:06:37 | INFO     | cs_stack | GET /api/studyplan/me -> 200
2026-04-20 20:06:37 | INFO     | cs_stack | GET /api/skilltree/frontend
2026-04-20 20:06:37 | INFO     | cs_stack | GET /api/studyplan/me
2026-04-20 20:06:37 | INFO     | cs_stack | GET /api/paths/frontend -> 200
2026-04-20 20:06:37 | INFO     | cs_stack | GET /api/skilltree/frontend -> 200
2026-04-20 20:06:37 | INFO     | cs_stack | GET /api/studyplan/me -> 200
2026-04-20 20:07:16 | INFO     | cs_stack | GET /api/courses/html-css-basics
2026-04-20 20:07:16 | INFO     | cs_stack | GET /api/courses/html-css-basics/content
2026-04-20 20:07:16 | INFO     | cs_stack | GET /api/users/me/progress
2026-04-20 20:07:16 | INFO     | cs_stack | GET /api/users/me/progress -> 200
2026-04-20 20:07:16 | INFO     | cs_stack | GET /api/courses/html-css-basics -> 200
2026-04-20 20:07:16 | INFO     | cs_stack | GET /api/courses/html-css-basics/content -> 200
2026-04-20 20:07:16 | INFO     | cs_stack | GET /api/users/me/progress
2026-04-20 20:07:16 | INFO     | cs_stack | GET /api/courses/html-css-basics/content
2026-04-20 20:07:16 | INFO     | cs_stack | GET /api/courses/html-css-basics
2026-04-20 20:07:16 | INFO     | cs_stack | GET /api/users/me/progress -> 200
2026-04-20 20:07:16 | INFO     | cs_stack | GET /api/courses/html-css-basics -> 200
2026-04-20 20:07:16 | INFO     | cs_stack | GET /api/courses/html-css-basics/content -> 200
2026-04-20 20:07:31 | INFO     | cs_stack | PUT /api/users/me/progress/html-css-basics
2026-04-20 20:07:31 | INFO     | cs_stack | PUT /api/users/me/progress/html-css-basics -> 200
2026-04-20 20:07:35 | INFO     | cs_stack | PUT /api/users/me/progress/html-css-basics
2026-04-20 20:07:35 | INFO     | cs_stack | PUT /api/users/me/progress/html-css-basics -> 200
2026-04-20 20:07:37 | INFO     | cs_stack | GET /api/paths/frontend
2026-04-20 20:07:37 | INFO     | cs_stack | GET /api/studyplan/me
2026-04-20 20:07:37 | INFO     | cs_stack | GET /api/studyplan/me -> 200
2026-04-20 20:07:37 | INFO     | cs_stack | GET /api/studyplan/me
2026-04-20 20:07:37 | INFO     | cs_stack | GET /api/studyplan/me -> 200
2026-04-20 20:07:37 | INFO     | cs_stack | GET /api/paths/frontend -> 200
2026-04-20 20:07:37 | INFO     | cs_stack | GET /api/paths/frontend
2026-04-20 20:07:37 | INFO     | cs_stack | GET /api/skilltree/frontend
2026-04-20 20:07:37 | INFO     | cs_stack | GET /api/studyplan/me
2026-04-20 20:07:37 | INFO     | cs_stack | GET /api/skilltree/frontend -> 200
2026-04-20 20:07:37 | INFO     | cs_stack | GET /api/studyplan/me -> 200
2026-04-20 20:07:37 | INFO     | cs_stack | GET /api/skilltree/frontend
2026-04-20 20:07:37 | INFO     | cs_stack | GET /api/studyplan/me
2026-04-20 20:07:37 | INFO     | cs_stack | GET /api/paths/frontend -> 200
2026-04-20 20:07:37 | INFO     | cs_stack | GET /api/skilltree/frontend -> 200
2026-04-20 20:07:37 | INFO     | cs_stack | GET /api/studyplan/me -> 200
2026-04-20 20:12:34 | INFO     | cs_stack | GET /api/studyplan/me/completed
2026-04-20 20:12:34 | INFO     | cs_stack | GET /api/xp/me
2026-04-20 20:12:34 | INFO     | cs_stack | GET /api/users/me/checkin/calendar
2026-04-20 20:12:34 | INFO     | cs_stack | GET /api/users/me/stats
2026-04-20 20:12:34 | INFO     | cs_stack | GET /api/studyplan/me/completed -> 404
2026-04-20 20:12:34 | INFO     | cs_stack | GET /api/xp/me -> 200
2026-04-20 20:12:34 | INFO     | cs_stack | GET /api/users/me/checkin/calendar -> 200
2026-04-20 20:12:34 | INFO     | cs_stack | GET /api/users/me/stats -> 200
2026-04-20 20:12:34 | INFO     | cs_stack | GET /api/studyplan/me/completed
2026-04-20 20:12:34 | INFO     | cs_stack | GET /api/studyplan/me/completed -> 404
2026-04-20 20:12:34 | INFO     | cs_stack | GET /api/xp/me
2026-04-20 20:12:34 | INFO     | cs_stack | GET /api/xp/me -> 200
2026-04-20 20:12:34 | INFO     | cs_stack | GET /api/users/me/stats
2026-04-20 20:12:34 | INFO     | cs_stack | GET /api/users/me/checkin/calendar
2026-04-20 20:12:34 | INFO     | cs_stack | GET /api/users/me/checkin/calendar -> 200
2026-04-20 20:12:34 | INFO     | cs_stack | GET /api/users/me/stats -> 200
2026-04-20 20:12:34 | INFO     | cs_stack | GET /api/xp/me
2026-04-20 20:12:34 | INFO     | cs_stack | GET /api/xp/me -> 200
2026-04-20 20:12:37 | INFO     | cs_stack | GET /api/users/me
2026-04-20 20:12:37 | INFO     | cs_stack | GET /api/users/me/stats
2026-04-20 20:12:37 | INFO     | cs_stack | GET /api/users/me/checkin/calendar
2026-04-20 20:12:37 | INFO     | cs_stack | GET /api/xp/me
2026-04-20 20:12:37 | INFO     | cs_stack | GET /api/studyplan/me/completed
2026-04-20 20:12:37 | INFO     | cs_stack | GET /api/users/me/stats -> 200
2026-04-20 20:12:37 | INFO     | cs_stack | GET /api/users/me/checkin/calendar -> 200
2026-04-20 20:12:37 | INFO     | cs_stack | GET /api/xp/me -> 200
2026-04-20 20:12:37 | INFO     | cs_stack | GET /api/studyplan/me/completed -> 200
2026-04-20 20:12:37 | INFO     | cs_stack | GET /api/users/me -> 200
2026-04-20 20:12:37 | INFO     | cs_stack | GET /api/users/me/stats
2026-04-20 20:12:37 | INFO     | cs_stack | GET /api/users/me/stats -> 200
2026-04-20 20:12:37 | INFO     | cs_stack | GET /api/users/me/checkin/calendar
2026-04-20 20:12:37 | INFO     | cs_stack | GET /api/xp/me
2026-04-20 20:12:37 | INFO     | cs_stack | GET /api/studyplan/me/completed
2026-04-20 20:12:37 | INFO     | cs_stack | GET /api/users/me
2026-04-20 20:12:37 | INFO     | cs_stack | GET /api/users/me/checkin/calendar -> 200
2026-04-20 20:12:37 | INFO     | cs_stack | GET /api/xp/me -> 200
2026-04-20 20:12:37 | INFO     | cs_stack | GET /api/studyplan/me/completed -> 200
2026-04-20 20:12:37 | INFO     | cs_stack | GET /api/users/me -> 200
2026-04-20 20:12:37 | INFO     | cs_stack | GET /api/xp/me
2026-04-20 20:12:37 | INFO     | cs_stack | GET /api/xp/me -> 200
2026-04-20 20:12:37 | INFO     | cs_stack | GET /api/xp/me
2026-04-20 20:12:37 | INFO     | cs_stack | GET /api/xp/me -> 200
2026-04-20 20:13:01 | INFO     | cs_stack | GET /api/studyplan/me
2026-04-20 20:13:01 | INFO     | cs_stack | GET /api/studyplan/me -> 200
2026-04-20 20:13:01 | INFO     | cs_stack | GET /api/studyplan/me
2026-04-20 20:13:01 | INFO     | cs_stack | GET /api/studyplan/me -> 200
2026-04-20 20:13:03 | INFO     | cs_stack | GET /api/paths/frontend
2026-04-20 20:13:03 | INFO     | cs_stack | GET /api/studyplan/me
2026-04-20 20:13:03 | INFO     | cs_stack | GET /api/studyplan/me -> 200
2026-04-20 20:13:03 | INFO     | cs_stack | GET /api/studyplan/me
2026-04-20 20:13:03 | INFO     | cs_stack | GET /api/studyplan/me -> 200
2026-04-20 20:13:03 | INFO     | cs_stack | GET /api/paths/frontend -> 200
2026-04-20 20:13:03 | INFO     | cs_stack | GET /api/paths/frontend
2026-04-20 20:13:03 | INFO     | cs_stack | GET /api/skilltree/frontend
2026-04-20 20:13:03 | INFO     | cs_stack | GET /api/studyplan/me
2026-04-20 20:13:03 | INFO     | cs_stack | GET /api/skilltree/frontend -> 200
2026-04-20 20:13:03 | INFO     | cs_stack | GET /api/studyplan/me -> 200
2026-04-20 20:13:03 | INFO     | cs_stack | GET /api/skilltree/frontend
2026-04-20 20:13:03 | INFO     | cs_stack | GET /api/studyplan/me
2026-04-20 20:13:03 | INFO     | cs_stack | GET /api/skilltree/frontend -> 200
2026-04-20 20:13:03 | INFO     | cs_stack | GET /api/paths/frontend -> 200
2026-04-20 20:13:03 | INFO     | cs_stack | GET /api/studyplan/me -> 200
2026-04-20 20:13:05 | INFO     | cs_stack | GET /api/courses/html-css-basics
2026-04-20 20:13:05 | INFO     | cs_stack | GET /api/courses/html-css-basics/content
2026-04-20 20:13:05 | INFO     | cs_stack | GET /api/users/me/progress
2026-04-20 20:13:05 | INFO     | cs_stack | GET /api/users/me/progress -> 200
2026-04-20 20:13:05 | INFO     | cs_stack | GET /api/courses/html-css-basics -> 200
2026-04-20 20:13:05 | INFO     | cs_stack | GET /api/courses/html-css-basics/content -> 200
2026-04-20 20:13:05 | INFO     | cs_stack | GET /api/users/me/progress
2026-04-20 20:13:05 | INFO     | cs_stack | GET /api/courses/html-css-basics
2026-04-20 20:13:05 | INFO     | cs_stack | GET /api/courses/html-css-basics/content
2026-04-20 20:13:05 | INFO     | cs_stack | GET /api/users/me/progress -> 200
2026-04-20 20:13:05 | INFO     | cs_stack | GET /api/courses/html-css-basics -> 200
2026-04-20 20:13:05 | INFO     | cs_stack | GET /api/courses/html-css-basics/content -> 200
2026-04-20 20:13:07 | INFO     | cs_stack | PUT /api/users/me/progress/html-css-basics
2026-04-20 20:13:07 | INFO     | cs_stack | PUT /api/users/me/progress/html-css-basics -> 200
2026-04-20 20:13:09 | INFO     | cs_stack | GET /api/xp/me
2026-04-20 20:13:09 | INFO     | cs_stack | GET /api/users/me/checkin/calendar
2026-04-20 20:13:09 | INFO     | cs_stack | GET /api/studyplan/me/completed
2026-04-20 20:13:09 | INFO     | cs_stack | GET /api/users/me/stats
2026-04-20 20:13:09 | INFO     | cs_stack | GET /api/xp/me -> 200
2026-04-20 20:13:09 | INFO     | cs_stack | GET /api/users/me/checkin/calendar -> 200
2026-04-20 20:13:09 | INFO     | cs_stack | GET /api/users/me/stats -> 200
2026-04-20 20:13:09 | INFO     | cs_stack | GET /api/studyplan/me/completed -> 200
2026-04-20 20:13:09 | INFO     | cs_stack | GET /api/xp/me
2026-04-20 20:13:09 | INFO     | cs_stack | GET /api/users/me/checkin/calendar
2026-04-20 20:13:09 | INFO     | cs_stack | GET /api/xp/me -> 200
2026-04-20 20:13:09 | INFO     | cs_stack | GET /api/studyplan/me/completed
2026-04-20 20:13:09 | INFO     | cs_stack | GET /api/users/me/stats
2026-04-20 20:13:09 | INFO     | cs_stack | GET /api/users/me/checkin/calendar -> 200
2026-04-20 20:13:09 | INFO     | cs_stack | GET /api/users/me/stats -> 200
2026-04-20 20:13:09 | INFO     | cs_stack | GET /api/xp/me
2026-04-20 20:13:09 | INFO     | cs_stack | GET /api/studyplan/me/completed -> 200
2026-04-20 20:13:09 | INFO     | cs_stack | GET /api/xp/me -> 200
2026-04-20 20:13:09 | INFO     | cs_stack | GET /api/xp/me
2026-04-20 20:13:09 | INFO     | cs_stack | GET /api/xp/me -> 200
2026-04-20 20:13:15 | INFO     | cs_stack | GET /api/studyplan/me
2026-04-20 20:13:15 | INFO     | cs_stack | GET /api/studyplan/me -> 200
2026-04-20 20:13:15 | INFO     | cs_stack | GET /api/studyplan/me
2026-04-20 20:13:15 | INFO     | cs_stack | GET /api/studyplan/me -> 200
2026-04-20 20:13:16 | INFO     | cs_stack | GET /api/paths/
2026-04-20 20:13:16 | INFO     | cs_stack | GET /api/paths/ -> 200
2026-04-20 20:13:16 | INFO     | cs_stack | GET /api/paths/
2026-04-20 20:13:17 | INFO     | cs_stack | GET /api/paths/ -> 200
2026-04-20 20:13:17 | INFO     | cs_stack | GET /api/paths/backend
2026-04-20 20:13:17 | INFO     | cs_stack | GET /api/studyplan/me
2026-04-20 20:13:18 | INFO     | cs_stack | GET /api/studyplan/me -> 200
2026-04-20 20:13:18 | INFO     | cs_stack | GET /api/studyplan/me
2026-04-20 20:13:18 | INFO     | cs_stack | GET /api/studyplan/me -> 200
2026-04-20 20:13:18 | INFO     | cs_stack | GET /api/paths/backend -> 200
2026-04-20 20:13:18 | INFO     | cs_stack | GET /api/paths/backend
2026-04-20 20:13:18 | INFO     | cs_stack | GET /api/studyplan/me
2026-04-20 20:13:18 | INFO     | cs_stack | GET /api/skilltree/backend
2026-04-20 20:13:18 | INFO     | cs_stack | GET /api/studyplan/me -> 200
2026-04-20 20:13:18 | INFO     | cs_stack | GET /api/skilltree/backend -> 200
2026-04-20 20:13:18 | INFO     | cs_stack | GET /api/studyplan/me
2026-04-20 20:13:18 | INFO     | cs_stack | GET /api/paths/backend -> 200
2026-04-20 20:13:18 | INFO     | cs_stack | GET /api/skilltree/backend
2026-04-20 20:13:18 | INFO     | cs_stack | GET /api/studyplan/me -> 200
2026-04-20 20:13:18 | INFO     | cs_stack | GET /api/skilltree/backend -> 200
2026-04-20 20:13:19 | INFO     | cs_stack | GET /api/courses/rest-api-basics
2026-04-20 20:13:19 | INFO     | cs_stack | GET /api/courses/rest-api-basics/content
2026-04-20 20:13:19 | INFO     | cs_stack | GET /api/users/me/progress
2026-04-20 20:13:19 | INFO     | cs_stack | GET /api/courses/rest-api-basics -> 200
2026-04-20 20:13:19 | INFO     | cs_stack | GET /api/users/me/progress -> 200
2026-04-20 20:13:19 | INFO     | cs_stack | GET /api/courses/rest-api-basics/content -> 200
2026-04-20 20:13:19 | INFO     | cs_stack | GET /api/courses/rest-api-basics
2026-04-20 20:13:19 | INFO     | cs_stack | GET /api/users/me/progress
2026-04-20 20:13:19 | INFO     | cs_stack | GET /api/courses/rest-api-basics/content
2026-04-20 20:13:19 | INFO     | cs_stack | GET /api/users/me/progress -> 200
2026-04-20 20:13:19 | INFO     | cs_stack | GET /api/courses/rest-api-basics -> 200
2026-04-20 20:13:19 | INFO     | cs_stack | GET /api/courses/rest-api-basics/content -> 200
2026-04-20 20:13:19 | INFO     | cs_stack | PUT /api/users/me/progress/rest-api-basics
2026-04-20 20:13:19 | INFO     | cs_stack | PUT /api/users/me/progress/rest-api-basics -> 200
2026-04-20 20:13:20 | INFO     | cs_stack | GET /api/paths/
2026-04-20 20:13:20 | INFO     | cs_stack | GET /api/paths/ -> 200
2026-04-20 20:13:20 | INFO     | cs_stack | GET /api/paths/
2026-04-20 20:13:20 | INFO     | cs_stack | GET /api/paths/ -> 200
2026-04-20 20:13:21 | INFO     | cs_stack | GET /api/paths/programming-languages
2026-04-20 20:13:21 | INFO     | cs_stack | GET /api/studyplan/me
2026-04-20 20:13:21 | INFO     | cs_stack | GET /api/studyplan/me -> 200
2026-04-20 20:13:21 | INFO     | cs_stack | GET /api/studyplan/me
2026-04-20 20:13:21 | INFO     | cs_stack | GET /api/studyplan/me -> 200
2026-04-20 20:13:21 | INFO     | cs_stack | GET /api/paths/programming-languages -> 200
2026-04-20 20:13:21 | INFO     | cs_stack | GET /api/paths/programming-languages
2026-04-20 20:13:21 | INFO     | cs_stack | GET /api/skilltree/programming-languages
2026-04-20 20:13:21 | INFO     | cs_stack | GET /api/studyplan/me
2026-04-20 20:13:21 | INFO     | cs_stack | GET /api/studyplan/me -> 200
2026-04-20 20:13:21 | INFO     | cs_stack | GET /api/skilltree/programming-languages -> 200
2026-04-20 20:13:21 | INFO     | cs_stack | GET /api/skilltree/programming-languages
2026-04-20 20:13:21 | INFO     | cs_stack | GET /api/studyplan/me
2026-04-20 20:13:22 | INFO     | cs_stack | GET /api/paths/programming-languages -> 200
2026-04-20 20:13:22 | INFO     | cs_stack | GET /api/skilltree/programming-languages -> 200
2026-04-20 20:13:22 | INFO     | cs_stack | GET /api/studyplan/me -> 200
2026-04-20 20:13:23 | INFO     | cs_stack | GET /api/courses/python-fundamentals/content
2026-04-20 20:13:23 | INFO     | cs_stack | GET /api/courses/python-fundamentals
2026-04-20 20:13:23 | INFO     | cs_stack | GET /api/users/me/progress
2026-04-20 20:13:23 | INFO     | cs_stack | GET /api/users/me/progress -> 200
2026-04-20 20:13:23 | INFO     | cs_stack | GET /api/courses/python-fundamentals -> 200
2026-04-20 20:13:23 | INFO     | cs_stack | GET /api/courses/python-fundamentals/content -> 200
2026-04-20 20:13:23 | INFO     | cs_stack | GET /api/users/me/progress
2026-04-20 20:13:23 | INFO     | cs_stack | GET /api/courses/python-fundamentals
2026-04-20 20:13:23 | INFO     | cs_stack | GET /api/users/me/progress -> 200
2026-04-20 20:13:23 | INFO     | cs_stack | GET /api/courses/python-fundamentals/content
2026-04-20 20:13:23 | INFO     | cs_stack | GET /api/courses/python-fundamentals -> 200
2026-04-20 20:13:23 | INFO     | cs_stack | GET /api/courses/python-fundamentals/content -> 200
2026-04-20 20:13:24 | INFO     | cs_stack | PUT /api/users/me/progress/python-fundamentals
2026-04-20 20:13:24 | INFO     | cs_stack | PUT /api/users/me/progress/python-fundamentals -> 200
2026-04-20 20:13:26 | INFO     | cs_stack | GET /api/xp/me
2026-04-20 20:13:26 | INFO     | cs_stack | GET /api/users/me/checkin/calendar
2026-04-20 20:13:26 | INFO     | cs_stack | GET /api/studyplan/me/completed
2026-04-20 20:13:26 | INFO     | cs_stack | GET /api/users/me/stats
2026-04-20 20:13:26 | INFO     | cs_stack | GET /api/xp/me -> 200
2026-04-20 20:13:26 | INFO     | cs_stack | GET /api/users/me/checkin/calendar -> 200
2026-04-20 20:13:26 | INFO     | cs_stack | GET /api/users/me/stats -> 200
2026-04-20 20:13:26 | INFO     | cs_stack | GET /api/studyplan/me/completed -> 200
2026-04-20 20:13:26 | INFO     | cs_stack | GET /api/xp/me
2026-04-20 20:13:26 | INFO     | cs_stack | GET /api/xp/me -> 200
2026-04-20 20:13:26 | INFO     | cs_stack | GET /api/users/me/checkin/calendar
2026-04-20 20:13:26 | INFO     | cs_stack | GET /api/users/me/stats
2026-04-20 20:13:26 | INFO     | cs_stack | GET /api/studyplan/me/completed
2026-04-20 20:13:26 | INFO     | cs_stack | GET /api/users/me/checkin/calendar -> 200
2026-04-20 20:13:26 | INFO     | cs_stack | GET /api/xp/me
2026-04-20 20:13:26 | INFO     | cs_stack | GET /api/users/me/stats -> 200
2026-04-20 20:13:26 | INFO     | cs_stack | GET /api/studyplan/me/completed -> 200
2026-04-20 20:13:26 | INFO     | cs_stack | GET /api/xp/me -> 200
2026-04-20 20:13:26 | INFO     | cs_stack | GET /api/xp/me
2026-04-20 20:13:26 | INFO     | cs_stack | GET /api/xp/me -> 200
2026-04-20 20:13:34 | INFO     | cs_stack | GET /api/studyplan/me
2026-04-20 20:13:34 | INFO     | cs_stack | GET /api/studyplan/me -> 200
2026-04-20 20:13:34 | INFO     | cs_stack | GET /api/studyplan/me
2026-04-20 20:13:34 | INFO     | cs_stack | GET /api/studyplan/me -> 200
2026-04-20 20:13:36 | INFO     | cs_stack | GET /api/paths/frontend
2026-04-20 20:13:36 | INFO     | cs_stack | GET /api/studyplan/me
2026-04-20 20:13:36 | INFO     | cs_stack | GET /api/studyplan/me -> 200
2026-04-20 20:13:36 | INFO     | cs_stack | GET /api/studyplan/me
2026-04-20 20:13:36 | INFO     | cs_stack | GET /api/studyplan/me -> 200
2026-04-20 20:13:36 | INFO     | cs_stack | GET /api/paths/frontend -> 200
2026-04-20 20:13:36 | INFO     | cs_stack | GET /api/paths/frontend
2026-04-20 20:13:36 | INFO     | cs_stack | GET /api/studyplan/me
2026-04-20 20:13:36 | INFO     | cs_stack | GET /api/skilltree/frontend
2026-04-20 20:13:36 | INFO     | cs_stack | GET /api/skilltree/frontend -> 200
2026-04-20 20:13:36 | INFO     | cs_stack | GET /api/studyplan/me -> 200
2026-04-20 20:13:36 | INFO     | cs_stack | GET /api/paths/frontend -> 200
2026-04-20 20:13:36 | INFO     | cs_stack | GET /api/skilltree/frontend
2026-04-20 20:13:36 | INFO     | cs_stack | GET /api/studyplan/me
2026-04-20 20:13:36 | INFO     | cs_stack | GET /api/skilltree/frontend -> 200
2026-04-20 20:13:36 | INFO     | cs_stack | GET /api/studyplan/me -> 200
2026-04-20 20:13:40 | INFO     | cs_stack | GET /api/paths/
2026-04-20 20:13:40 | INFO     | cs_stack | GET /api/paths/ -> 200
2026-04-20 20:13:40 | INFO     | cs_stack | GET /api/paths/
2026-04-20 20:13:41 | INFO     | cs_stack | GET /api/paths/ -> 200
2026-04-20 20:13:42 | INFO     | cs_stack | GET /api/studyplan/me
2026-04-20 20:13:42 | INFO     | cs_stack | GET /api/paths/backend
2026-04-20 20:13:42 | INFO     | cs_stack | GET /api/studyplan/me -> 200
2026-04-20 20:13:42 | INFO     | cs_stack | GET /api/studyplan/me
2026-04-20 20:13:42 | INFO     | cs_stack | GET /api/studyplan/me -> 200
2026-04-20 20:13:42 | INFO     | cs_stack | GET /api/paths/backend -> 200
2026-04-20 20:13:42 | INFO     | cs_stack | GET /api/paths/backend
2026-04-20 20:13:42 | INFO     | cs_stack | GET /api/skilltree/backend
2026-04-20 20:13:42 | INFO     | cs_stack | GET /api/studyplan/me
2026-04-20 20:13:42 | INFO     | cs_stack | GET /api/skilltree/backend -> 200
2026-04-20 20:13:42 | INFO     | cs_stack | GET /api/studyplan/me -> 200
2026-04-20 20:13:42 | INFO     | cs_stack | GET /api/skilltree/backend
2026-04-20 20:13:42 | INFO     | cs_stack | GET /api/studyplan/me
2026-04-20 20:13:42 | INFO     | cs_stack | GET /api/paths/backend -> 200
2026-04-20 20:13:42 | INFO     | cs_stack | GET /api/skilltree/backend -> 200
2026-04-20 20:13:42 | INFO     | cs_stack | GET /api/studyplan/me -> 200
2026-04-20 20:13:45 | INFO     | cs_stack | GET /api/courses/rest-api-basics
2026-04-20 20:13:45 | INFO     | cs_stack | GET /api/courses/rest-api-basics/content
2026-04-20 20:13:45 | INFO     | cs_stack | GET /api/users/me/progress
2026-04-20 20:13:45 | INFO     | cs_stack | GET /api/users/me/progress -> 200
2026-04-20 20:13:45 | INFO     | cs_stack | GET /api/courses/rest-api-basics -> 200
2026-04-20 20:13:45 | INFO     | cs_stack | GET /api/courses/rest-api-basics/content -> 200
2026-04-20 20:13:45 | INFO     | cs_stack | GET /api/users/me/progress
2026-04-20 20:13:45 | INFO     | cs_stack | GET /api/courses/rest-api-basics
2026-04-20 20:13:45 | INFO     | cs_stack | GET /api/users/me/progress -> 200
2026-04-20 20:13:45 | INFO     | cs_stack | GET /api/courses/rest-api-basics/content
2026-04-20 20:13:45 | INFO     | cs_stack | GET /api/courses/rest-api-basics -> 200
2026-04-20 20:13:45 | INFO     | cs_stack | GET /api/courses/rest-api-basics/content -> 200
2026-04-20 20:13:47 | INFO     | cs_stack | GET /api/paths/
2026-04-20 20:13:47 | INFO     | cs_stack | GET /api/paths/ -> 200
2026-04-20 20:13:47 | INFO     | cs_stack | GET /api/paths/
2026-04-20 20:13:47 | INFO     | cs_stack | GET /api/paths/ -> 200
2026-04-20 20:13:48 | INFO     | cs_stack | GET /api/paths/dev-tools
2026-04-20 20:13:48 | INFO     | cs_stack | GET /api/studyplan/me
2026-04-20 20:13:48 | INFO     | cs_stack | GET /api/studyplan/me -> 200
2026-04-20 20:13:48 | INFO     | cs_stack | GET /api/studyplan/me
2026-04-20 20:13:48 | INFO     | cs_stack | GET /api/studyplan/me -> 200
2026-04-20 20:13:48 | INFO     | cs_stack | GET /api/paths/dev-tools -> 200
2026-04-20 20:13:48 | INFO     | cs_stack | GET /api/paths/dev-tools
2026-04-20 20:13:48 | INFO     | cs_stack | GET /api/studyplan/me
2026-04-20 20:13:48 | INFO     | cs_stack | GET /api/skilltree/dev-tools
2026-04-20 20:13:48 | INFO     | cs_stack | GET /api/studyplan/me -> 200
2026-04-20 20:13:48 | INFO     | cs_stack | GET /api/skilltree/dev-tools -> 200
2026-04-20 20:13:48 | INFO     | cs_stack | GET /api/studyplan/me
2026-04-20 20:13:48 | INFO     | cs_stack | GET /api/skilltree/dev-tools
2026-04-20 20:13:48 | INFO     | cs_stack | GET /api/paths/dev-tools -> 200
2026-04-20 20:13:48 | INFO     | cs_stack | GET /api/studyplan/me -> 200
2026-04-20 20:13:48 | INFO     | cs_stack | GET /api/skilltree/dev-tools -> 200
2026-04-20 20:13:56 | INFO     | cs_stack | GET /api/courses/vscode-mastery/content
2026-04-20 20:13:56 | INFO     | cs_stack | GET /api/courses/vscode-mastery
2026-04-20 20:13:56 | INFO     | cs_stack | GET /api/users/me/progress
2026-04-20 20:13:56 | INFO     | cs_stack | GET /api/users/me/progress -> 200
2026-04-20 20:13:56 | INFO     | cs_stack | GET /api/courses/vscode-mastery -> 200
2026-04-20 20:13:56 | INFO     | cs_stack | GET /api/courses/vscode-mastery/content -> 200
2026-04-20 20:13:56 | INFO     | cs_stack | GET /api/users/me/progress
2026-04-20 20:13:56 | INFO     | cs_stack | GET /api/users/me/progress -> 200
2026-04-20 20:13:56 | INFO     | cs_stack | GET /api/courses/vscode-mastery
2026-04-20 20:13:56 | INFO     | cs_stack | GET /api/courses/vscode-mastery/content
2026-04-20 20:13:56 | INFO     | cs_stack | GET /api/courses/vscode-mastery -> 200
2026-04-20 20:13:56 | INFO     | cs_stack | GET /api/courses/vscode-mastery/content -> 200
2026-04-20 20:13:57 | INFO     | cs_stack | PUT /api/users/me/progress/vscode-mastery
2026-04-20 20:13:57 | INFO     | cs_stack | PUT /api/users/me/progress/vscode-mastery -> 200
2026-04-20 20:14:05 | INFO     | cs_stack | GET /api/studyplan/me
2026-04-20 20:14:05 | INFO     | cs_stack | GET /api/studyplan/me -> 200
2026-04-20 20:14:05 | INFO     | cs_stack | GET /api/studyplan/me
2026-04-20 20:14:05 | INFO     | cs_stack | GET /api/studyplan/me -> 200
2026-04-20 20:14:07 | INFO     | cs_stack | GET /api/xp/me
2026-04-20 20:14:07 | INFO     | cs_stack | GET /api/users/me/checkin/calendar
2026-04-20 20:14:07 | INFO     | cs_stack | GET /api/users/me/stats
2026-04-20 20:14:07 | INFO     | cs_stack | GET /api/studyplan/me/completed
2026-04-20 20:14:07 | INFO     | cs_stack | GET /api/xp/me -> 200
2026-04-20 20:14:07 | INFO     | cs_stack | GET /api/users/me/checkin/calendar -> 200
2026-04-20 20:14:07 | INFO     | cs_stack | GET /api/users/me/stats -> 200
2026-04-20 20:14:07 | INFO     | cs_stack | GET /api/studyplan/me/completed -> 200
2026-04-20 20:14:07 | INFO     | cs_stack | GET /api/xp/me
2026-04-20 20:14:07 | INFO     | cs_stack | GET /api/xp/me -> 200
2026-04-20 20:14:07 | INFO     | cs_stack | GET /api/users/me/stats
2026-04-20 20:14:07 | INFO     | cs_stack | GET /api/users/me/checkin/calendar
2026-04-20 20:14:07 | INFO     | cs_stack | GET /api/studyplan/me/completed
2026-04-20 20:14:07 | INFO     | cs_stack | GET /api/users/me/stats -> 200
2026-04-20 20:14:07 | INFO     | cs_stack | GET /api/users/me/checkin/calendar -> 200
2026-04-20 20:14:07 | INFO     | cs_stack | GET /api/xp/me
2026-04-20 20:14:07 | INFO     | cs_stack | GET /api/studyplan/me/completed -> 200
2026-04-20 20:14:07 | INFO     | cs_stack | GET /api/xp/me -> 200
2026-04-20 20:14:07 | INFO     | cs_stack | GET /api/xp/me
2026-04-20 20:14:07 | INFO     | cs_stack | GET /api/xp/me -> 200
2026-04-20 20:14:24 | INFO     | cs_stack | GET /api/users/me
2026-04-20 20:14:24 | INFO     | cs_stack | GET /api/xp/me
2026-04-20 20:14:24 | INFO     | cs_stack | GET /api/users/me/checkin/calendar
2026-04-20 20:14:24 | INFO     | cs_stack | GET /api/studyplan/me/completed
2026-04-20 20:14:24 | INFO     | cs_stack | GET /api/users/me/stats
2026-04-20 20:14:24 | INFO     | cs_stack | GET /api/xp/me -> 200
2026-04-20 20:14:24 | INFO     | cs_stack | GET /api/users/me/checkin/calendar -> 200
2026-04-20 20:14:24 | INFO     | cs_stack | GET /api/users/me/stats -> 200
2026-04-20 20:14:24 | INFO     | cs_stack | GET /api/users/me -> 200
2026-04-20 20:14:24 | INFO     | cs_stack | GET /api/studyplan/me/completed -> 200
2026-04-20 20:14:24 | INFO     | cs_stack | GET /api/xp/me
2026-04-20 20:14:24 | INFO     | cs_stack | GET /api/xp/me -> 200
2026-04-20 20:14:24 | INFO     | cs_stack | GET /api/users/me/stats
2026-04-20 20:14:24 | INFO     | cs_stack | GET /api/users/me/checkin/calendar
2026-04-20 20:14:24 | INFO     | cs_stack | GET /api/studyplan/me/completed
2026-04-20 20:14:24 | INFO     | cs_stack | GET /api/users/me
2026-04-20 20:14:24 | INFO     | cs_stack | GET /api/users/me/stats -> 200
2026-04-20 20:14:24 | INFO     | cs_stack | GET /api/xp/me
2026-04-20 20:14:24 | INFO     | cs_stack | GET /api/users/me/checkin/calendar -> 200
2026-04-20 20:14:24 | INFO     | cs_stack | GET /api/studyplan/me/completed -> 200
2026-04-20 20:14:24 | INFO     | cs_stack | GET /api/users/me -> 200
2026-04-20 20:14:24 | INFO     | cs_stack | GET /api/xp/me -> 200
2026-04-20 20:14:24 | INFO     | cs_stack | GET /api/xp/me
2026-04-20 20:14:24 | INFO     | cs_stack | GET /api/xp/me -> 200
2026-04-20 20:14:39 | INFO     | cs_stack | GET /api/studyplan/me
2026-04-20 20:14:39 | INFO     | cs_stack | GET /api/studyplan/me -> 200
2026-04-20 20:14:39 | INFO     | cs_stack | GET /api/studyplan/me
2026-04-20 20:14:39 | INFO     | cs_stack | GET /api/studyplan/me -> 200
2026-04-20 20:14:41 | INFO     | cs_stack | GET /api/paths/frontend
2026-04-20 20:14:41 | INFO     | cs_stack | GET /api/studyplan/me
2026-04-20 20:14:41 | INFO     | cs_stack | GET /api/studyplan/me -> 200
2026-04-20 20:14:41 | INFO     | cs_stack | GET /api/studyplan/me
2026-04-20 20:14:41 | INFO     | cs_stack | GET /api/studyplan/me -> 200
2026-04-20 20:14:41 | INFO     | cs_stack | GET /api/paths/frontend -> 200
2026-04-20 20:14:41 | INFO     | cs_stack | GET /api/paths/frontend
2026-04-20 20:14:41 | INFO     | cs_stack | GET /api/skilltree/frontend
2026-04-20 20:14:41 | INFO     | cs_stack | GET /api/studyplan/me
2026-04-20 20:14:42 | INFO     | cs_stack | GET /api/skilltree/frontend -> 200
2026-04-20 20:14:42 | INFO     | cs_stack | GET /api/studyplan/me -> 200
2026-04-20 20:14:42 | INFO     | cs_stack | GET /api/skilltree/frontend
2026-04-20 20:14:42 | INFO     | cs_stack | GET /api/studyplan/me
2026-04-20 20:14:42 | INFO     | cs_stack | GET /api/skilltree/frontend -> 200
2026-04-20 20:14:42 | INFO     | cs_stack | GET /api/paths/frontend -> 200
2026-04-20 20:14:42 | INFO     | cs_stack | GET /api/studyplan/me -> 200
2026-04-20 20:14:55 | INFO     | cs_stack | GET /api/courses/html-css-basics
2026-04-20 20:14:55 | INFO     | cs_stack | GET /api/courses/html-css-basics/content
2026-04-20 20:14:55 | INFO     | cs_stack | GET /api/users/me/progress
2026-04-20 20:14:55 | INFO     | cs_stack | GET /api/users/me/progress -> 200
2026-04-20 20:14:55 | INFO     | cs_stack | GET /api/courses/html-css-basics -> 200
2026-04-20 20:14:55 | INFO     | cs_stack | GET /api/courses/html-css-basics/content -> 200
2026-04-20 20:14:55 | INFO     | cs_stack | GET /api/users/me/progress
2026-04-20 20:14:55 | INFO     | cs_stack | GET /api/courses/html-css-basics
2026-04-20 20:14:55 | INFO     | cs_stack | GET /api/courses/html-css-basics/content
2026-04-20 20:14:55 | INFO     | cs_stack | GET /api/users/me/progress -> 200
2026-04-20 20:14:55 | INFO     | cs_stack | GET /api/courses/html-css-basics -> 200
2026-04-20 20:14:55 | INFO     | cs_stack | GET /api/courses/html-css-basics/content -> 200
2026-04-20 20:15:13 | INFO     | cs_stack | GET /api/paths/frontend
2026-04-20 20:15:13 | INFO     | cs_stack | GET /api/studyplan/me
2026-04-20 20:15:13 | INFO     | cs_stack | GET /api/studyplan/me -> 200
2026-04-20 20:15:13 | INFO     | cs_stack | GET /api/studyplan/me
2026-04-20 20:15:13 | INFO     | cs_stack | GET /api/studyplan/me -> 200
2026-04-20 20:15:13 | INFO     | cs_stack | GET /api/paths/frontend -> 200
2026-04-20 20:15:13 | INFO     | cs_stack | GET /api/paths/frontend
2026-04-20 20:15:13 | INFO     | cs_stack | GET /api/skilltree/frontend
2026-04-20 20:15:13 | INFO     | cs_stack | GET /api/studyplan/me
2026-04-20 20:15:13 | INFO     | cs_stack | GET /api/skilltree/frontend -> 200
2026-04-20 20:15:13 | INFO     | cs_stack | GET /api/studyplan/me -> 200
2026-04-20 20:15:13 | INFO     | cs_stack | GET /api/skilltree/frontend
2026-04-20 20:15:13 | INFO     | cs_stack | GET /api/studyplan/me
2026-04-20 20:15:13 | INFO     | cs_stack | GET /api/paths/frontend -> 200
2026-04-20 20:15:13 | INFO     | cs_stack | GET /api/skilltree/frontend -> 200
2026-04-20 20:15:13 | INFO     | cs_stack | GET /api/studyplan/me -> 200
2026-04-20 20:15:14 | INFO     | cs_stack | GET /api/courses
2026-04-20 20:15:14 | INFO     | cs_stack | GET /api/courses -> 307
2026-04-20 20:15:14 | INFO     | cs_stack | GET /api/courses
2026-04-20 20:15:14 | INFO     | cs_stack | GET /api/courses -> 307
2026-04-20 20:15:14 | INFO     | cs_stack | GET /api/courses/
2026-04-20 20:15:14 | INFO     | cs_stack | GET /api/courses/ -> 200
2026-04-20 20:15:14 | INFO     | cs_stack | GET /api/courses/
2026-04-20 20:15:14 | INFO     | cs_stack | GET /api/courses/ -> 200
2026-04-20 20:15:27 | INFO     | cs_stack | GET /api/studyplan/me
2026-04-20 20:15:27 | INFO     | cs_stack | GET /api/studyplan/me -> 200
2026-04-20 20:15:27 | INFO     | cs_stack | GET /api/studyplan/me
2026-04-20 20:15:27 | INFO     | cs_stack | GET /api/studyplan/me -> 200
2026-04-20 20:15:28 | INFO     | cs_stack | GET /api/paths/
2026-04-20 20:15:28 | INFO     | cs_stack | GET /api/paths/ -> 200
2026-04-20 20:15:28 | INFO     | cs_stack | GET /api/paths/
2026-04-20 20:15:28 | INFO     | cs_stack | GET /api/paths/ -> 200
2026-04-20 20:15:29 | INFO     | cs_stack | GET /api/courses
2026-04-20 20:15:29 | INFO     | cs_stack | GET /api/courses -> 307
2026-04-20 20:15:29 | INFO     | cs_stack | GET /api/courses/
2026-04-20 20:15:29 | INFO     | cs_stack | GET /api/courses
2026-04-20 20:15:29 | INFO     | cs_stack | GET /api/courses -> 307
2026-04-20 20:15:29 | INFO     | cs_stack | GET /api/courses/ -> 200
2026-04-20 20:15:29 | INFO     | cs_stack | GET /api/courses/
2026-04-20 20:15:29 | INFO     | cs_stack | GET /api/courses/ -> 200
2026-04-20 20:15:35 | INFO     | cs_stack | GET /api/courses/docker-fundamentals/content
2026-04-20 20:15:35 | INFO     | cs_stack | GET /api/courses/docker-fundamentals
2026-04-20 20:15:35 | INFO     | cs_stack | GET /api/users/me/progress
2026-04-20 20:15:35 | INFO     | cs_stack | GET /api/users/me/progress -> 200
2026-04-20 20:15:35 | INFO     | cs_stack | GET /api/courses/docker-fundamentals -> 200
2026-04-20 20:15:35 | INFO     | cs_stack | GET /api/courses/docker-fundamentals/content -> 200
2026-04-20 20:15:35 | INFO     | cs_stack | GET /api/users/me/progress
2026-04-20 20:15:35 | INFO     | cs_stack | GET /api/courses/docker-fundamentals
2026-04-20 20:15:35 | INFO     | cs_stack | GET /api/courses/docker-fundamentals/content
2026-04-20 20:15:35 | INFO     | cs_stack | GET /api/users/me/progress -> 200
2026-04-20 20:15:35 | INFO     | cs_stack | GET /api/courses/docker-fundamentals -> 200
2026-04-20 20:15:35 | INFO     | cs_stack | GET /api/courses/docker-fundamentals/content -> 200
2026-04-20 20:15:55 | INFO     | cs_stack | GET /api/users/me
2026-04-20 20:15:55 | INFO     | cs_stack | GET /api/courses/docker-fundamentals
2026-04-20 20:15:55 | INFO     | cs_stack | GET /api/users/me/progress
2026-04-20 20:15:55 | INFO     | cs_stack | GET /api/courses/docker-fundamentals/content
2026-04-20 20:15:55 | INFO     | cs_stack | GET /api/users/me/progress -> 200
2026-04-20 20:15:55 | INFO     | cs_stack | GET /api/users/me -> 200
2026-04-20 20:15:55 | INFO     | cs_stack | GET /api/courses/docker-fundamentals -> 200
2026-04-20 20:15:55 | INFO     | cs_stack | GET /api/courses/docker-fundamentals/content -> 200
2026-04-20 20:15:55 | INFO     | cs_stack | GET /api/users/me/progress
2026-04-20 20:15:55 | INFO     | cs_stack | GET /api/users/me
2026-04-20 20:15:55 | INFO     | cs_stack | GET /api/courses/docker-fundamentals
2026-04-20 20:15:55 | INFO     | cs_stack | GET /api/users/me/progress -> 200
2026-04-20 20:15:55 | INFO     | cs_stack | GET /api/courses/docker-fundamentals/content
2026-04-20 20:15:55 | INFO     | cs_stack | GET /api/users/me -> 200
2026-04-20 20:15:55 | INFO     | cs_stack | GET /api/courses/docker-fundamentals -> 200
2026-04-20 20:15:55 | INFO     | cs_stack | GET /api/courses/docker-fundamentals/content -> 200
2026-04-20 20:15:55 | INFO     | cs_stack | GET /api/courses
2026-04-20 20:15:55 | INFO     | cs_stack | GET /api/courses -> 307
2026-04-20 20:15:55 | INFO     | cs_stack | GET /api/courses
2026-04-20 20:15:55 | INFO     | cs_stack | GET /api/courses -> 307
2026-04-20 20:15:56 | INFO     | cs_stack | GET /api/courses/
2026-04-20 20:15:56 | INFO     | cs_stack | GET /api/courses/ -> 200
2026-04-20 20:15:56 | INFO     | cs_stack | GET /api/courses/
2026-04-20 20:15:56 | INFO     | cs_stack | GET /api/courses/ -> 200
2026-04-20 20:15:56 | INFO     | cs_stack | GET /api/paths/
2026-04-20 20:15:56 | INFO     | cs_stack | GET /api/paths/ -> 200
2026-04-20 20:15:56 | INFO     | cs_stack | GET /api/paths/
2026-04-20 20:15:56 | INFO     | cs_stack | GET /api/paths/ -> 200
2026-04-20 20:15:56 | INFO     | cs_stack | GET /api/studyplan/me
2026-04-20 20:15:56 | INFO     | cs_stack | GET /api/studyplan/me -> 200
2026-04-20 20:15:56 | INFO     | cs_stack | GET /api/studyplan/me
2026-04-20 20:15:56 | INFO     | cs_stack | GET /api/studyplan/me -> 200
2026-04-20 20:16:01 | INFO     | cs_stack | GET /api/paths/
2026-04-20 20:16:01 | INFO     | cs_stack | GET /api/paths/ -> 200
2026-04-20 20:16:01 | INFO     | cs_stack | GET /api/paths/
2026-04-20 20:16:01 | INFO     | cs_stack | GET /api/paths/ -> 200
2026-04-20 20:16:04 | INFO     | cs_stack | GET /api/paths/programming-languages
2026-04-20 20:16:04 | INFO     | cs_stack | GET /api/studyplan/me
2026-04-20 20:16:04 | INFO     | cs_stack | GET /api/studyplan/me -> 200
2026-04-20 20:16:04 | INFO     | cs_stack | GET /api/studyplan/me
2026-04-20 20:16:04 | INFO     | cs_stack | GET /api/studyplan/me -> 200
2026-04-20 20:16:04 | INFO     | cs_stack | GET /api/paths/programming-languages -> 200
2026-04-20 20:16:04 | INFO     | cs_stack | GET /api/paths/programming-languages
2026-04-20 20:16:04 | INFO     | cs_stack | GET /api/skilltree/programming-languages
2026-04-20 20:16:04 | INFO     | cs_stack | GET /api/studyplan/me
2026-04-20 20:16:04 | INFO     | cs_stack | GET /api/skilltree/programming-languages -> 200
2026-04-20 20:16:04 | INFO     | cs_stack | GET /api/studyplan/me -> 200
2026-04-20 20:16:04 | INFO     | cs_stack | GET /api/skilltree/programming-languages
2026-04-20 20:16:04 | INFO     | cs_stack | GET /api/studyplan/me
2026-04-20 20:16:04 | INFO     | cs_stack | GET /api/skilltree/programming-languages -> 200
2026-04-20 20:16:04 | INFO     | cs_stack | GET /api/studyplan/me -> 200
2026-04-20 20:16:04 | INFO     | cs_stack | GET /api/paths/programming-languages -> 200
2026-04-20 20:16:07 | INFO     | cs_stack | POST /api/studyplan/me/course/python-fundamentals
2026-04-20 20:16:07 | INFO     | cs_stack | POST /api/studyplan/me/course/python-fundamentals -> 200
2026-04-20 20:16:15 | INFO     | cs_stack | POST /api/studyplan/me/course/typescript-basics
2026-04-20 20:16:15 | INFO     | cs_stack | POST /api/studyplan/me/course/typescript-basics -> 200
2026-04-20 20:16:16 | INFO     | cs_stack | POST /api/studyplan/me/course/javascript-fundamentals
2026-04-20 20:16:16 | INFO     | cs_stack | POST /api/studyplan/me/course/javascript-fundamentals -> 200
2026-04-20 20:16:18 | INFO     | cs_stack | GET /api/studyplan/me
2026-04-20 20:16:18 | INFO     | cs_stack | GET /api/studyplan/me -> 200
2026-04-20 20:16:18 | INFO     | cs_stack | GET /api/studyplan/me
2026-04-20 20:16:18 | INFO     | cs_stack | GET /api/studyplan/me -> 200
2026-04-20 20:16:22 | INFO     | cs_stack | GET /api/paths/
2026-04-20 20:16:22 | INFO     | cs_stack | GET /api/paths/ -> 200
2026-04-20 20:16:22 | INFO     | cs_stack | GET /api/paths/
2026-04-20 20:16:22 | INFO     | cs_stack | GET /api/paths/ -> 200
2026-04-20 20:16:25 | INFO     | cs_stack | GET /api/studyplan/me
2026-04-20 20:16:25 | INFO     | cs_stack | GET /api/studyplan/me -> 200
2026-04-20 20:16:25 | INFO     | cs_stack | GET /api/studyplan/me
2026-04-20 20:16:25 | INFO     | cs_stack | GET /api/studyplan/me -> 200
2026-04-20 20:16:28 | INFO     | cs_stack | GET /api/paths/
2026-04-20 20:16:29 | INFO     | cs_stack | GET /api/paths/ -> 200
2026-04-20 20:16:29 | INFO     | cs_stack | GET /api/paths/
2026-04-20 20:16:29 | INFO     | cs_stack | GET /api/paths/ -> 200
2026-04-20 20:16:32 | INFO     | cs_stack | GET /api/paths/backend
2026-04-20 20:16:32 | INFO     | cs_stack | GET /api/studyplan/me
2026-04-20 20:16:32 | INFO     | cs_stack | GET /api/studyplan/me -> 200
2026-04-20 20:16:32 | INFO     | cs_stack | GET /api/studyplan/me
2026-04-20 20:16:32 | INFO     | cs_stack | GET /api/studyplan/me -> 200
2026-04-20 20:16:32 | INFO     | cs_stack | GET /api/paths/backend -> 200
2026-04-20 20:16:32 | INFO     | cs_stack | GET /api/paths/backend
2026-04-20 20:16:32 | INFO     | cs_stack | GET /api/skilltree/backend
2026-04-20 20:16:32 | INFO     | cs_stack | GET /api/studyplan/me
2026-04-20 20:16:32 | INFO     | cs_stack | GET /api/skilltree/backend -> 200
2026-04-20 20:16:32 | INFO     | cs_stack | GET /api/studyplan/me -> 200
2026-04-20 20:16:32 | INFO     | cs_stack | GET /api/skilltree/backend
2026-04-20 20:16:32 | INFO     | cs_stack | GET /api/studyplan/me
2026-04-20 20:16:32 | INFO     | cs_stack | GET /api/paths/backend -> 200
2026-04-20 20:16:32 | INFO     | cs_stack | GET /api/skilltree/backend -> 200
2026-04-20 20:16:32 | INFO     | cs_stack | GET /api/studyplan/me -> 200
2026-04-20 20:16:37 | INFO     | cs_stack | GET /api/paths/
2026-04-20 20:16:37 | INFO     | cs_stack | GET /api/paths/ -> 200
2026-04-20 20:16:37 | INFO     | cs_stack | GET /api/paths/
2026-04-20 20:16:37 | INFO     | cs_stack | GET /api/paths/ -> 200
2026-04-20 20:16:40 | INFO     | cs_stack | GET /api/paths/frontend
2026-04-20 20:16:40 | INFO     | cs_stack | GET /api/studyplan/me
2026-04-20 20:16:40 | INFO     | cs_stack | GET /api/studyplan/me -> 200
2026-04-20 20:16:40 | INFO     | cs_stack | GET /api/studyplan/me
2026-04-20 20:16:40 | INFO     | cs_stack | GET /api/studyplan/me -> 200
2026-04-20 20:16:40 | INFO     | cs_stack | GET /api/paths/frontend -> 200
2026-04-20 20:16:40 | INFO     | cs_stack | GET /api/paths/frontend
2026-04-20 20:16:40 | INFO     | cs_stack | GET /api/skilltree/frontend
2026-04-20 20:16:40 | INFO     | cs_stack | GET /api/studyplan/me
2026-04-20 20:16:40 | INFO     | cs_stack | GET /api/skilltree/frontend -> 200
2026-04-20 20:16:40 | INFO     | cs_stack | GET /api/studyplan/me -> 200
2026-04-20 20:16:40 | INFO     | cs_stack | GET /api/paths/frontend -> 200
2026-04-20 20:16:40 | INFO     | cs_stack | GET /api/skilltree/frontend
2026-04-20 20:16:40 | INFO     | cs_stack | GET /api/studyplan/me
2026-04-20 20:16:40 | INFO     | cs_stack | GET /api/skilltree/frontend -> 200
2026-04-20 20:16:40 | INFO     | cs_stack | GET /api/studyplan/me -> 200
2026-04-20 20:16:42 | INFO     | cs_stack | GET /api/paths/
2026-04-20 20:16:42 | INFO     | cs_stack | GET /api/paths/ -> 200
2026-04-20 20:16:42 | INFO     | cs_stack | GET /api/paths/
2026-04-20 20:16:42 | INFO     | cs_stack | GET /api/paths/ -> 200
2026-04-20 20:16:44 | INFO     | cs_stack | GET /api/paths/frontend
2026-04-20 20:16:44 | INFO     | cs_stack | GET /api/studyplan/me
2026-04-20 20:16:44 | INFO     | cs_stack | GET /api/studyplan/me -> 200
2026-04-20 20:16:44 | INFO     | cs_stack | GET /api/studyplan/me
2026-04-20 20:16:44 | INFO     | cs_stack | GET /api/studyplan/me -> 200
2026-04-20 20:16:44 | INFO     | cs_stack | GET /api/paths/frontend -> 200
2026-04-20 20:16:44 | INFO     | cs_stack | GET /api/paths/frontend
2026-04-20 20:16:44 | INFO     | cs_stack | GET /api/studyplan/me
2026-04-20 20:16:44 | INFO     | cs_stack | GET /api/skilltree/frontend
2026-04-20 20:16:44 | INFO     | cs_stack | GET /api/studyplan/me -> 200
2026-04-20 20:16:44 | INFO     | cs_stack | GET /api/skilltree/frontend -> 200
2026-04-20 20:16:44 | INFO     | cs_stack | GET /api/paths/frontend -> 200
2026-04-20 20:16:44 | INFO     | cs_stack | GET /api/studyplan/me
2026-04-20 20:16:44 | INFO     | cs_stack | GET /api/skilltree/frontend
2026-04-20 20:16:44 | INFO     | cs_stack | GET /api/studyplan/me -> 200
2026-04-20 20:16:44 | INFO     | cs_stack | GET /api/skilltree/frontend -> 200
2026-04-20 20:16:46 | INFO     | cs_stack | GET /api/studyplan/me
2026-04-20 20:16:46 | INFO     | cs_stack | GET /api/studyplan/me -> 200
2026-04-20 20:16:46 | INFO     | cs_stack | GET /api/studyplan/me
2026-04-20 20:16:46 | INFO     | cs_stack | GET /api/studyplan/me -> 200
2026-04-20 20:16:57 | INFO     | cs_stack | GET /api/paths/
2026-04-20 20:16:57 | INFO     | cs_stack | GET /api/paths/ -> 200
2026-04-20 20:16:57 | INFO     | cs_stack | GET /api/paths/
2026-04-20 20:16:57 | INFO     | cs_stack | GET /api/paths/ -> 200
2026-04-20 20:16:59 | INFO     | cs_stack | GET /api/paths/dev-tools
2026-04-20 20:16:59 | INFO     | cs_stack | GET /api/studyplan/me
2026-04-20 20:16:59 | INFO     | cs_stack | GET /api/studyplan/me -> 200
2026-04-20 20:16:59 | INFO     | cs_stack | GET /api/studyplan/me
2026-04-20 20:16:59 | INFO     | cs_stack | GET /api/studyplan/me -> 200
2026-04-20 20:16:59 | INFO     | cs_stack | GET /api/paths/dev-tools -> 200
2026-04-20 20:16:59 | INFO     | cs_stack | GET /api/paths/dev-tools
2026-04-20 20:16:59 | INFO     | cs_stack | GET /api/skilltree/dev-tools
2026-04-20 20:16:59 | INFO     | cs_stack | GET /api/studyplan/me
2026-04-20 20:16:59 | INFO     | cs_stack | GET /api/skilltree/dev-tools -> 200
2026-04-20 20:16:59 | INFO     | cs_stack | GET /api/studyplan/me -> 200
2026-04-20 20:16:59 | INFO     | cs_stack | GET /api/skilltree/dev-tools
2026-04-20 20:16:59 | INFO     | cs_stack | GET /api/studyplan/me
2026-04-20 20:17:00 | INFO     | cs_stack | GET /api/skilltree/dev-tools -> 200
2026-04-20 20:17:00 | INFO     | cs_stack | GET /api/studyplan/me -> 200
2026-04-20 20:17:00 | INFO     | cs_stack | GET /api/paths/dev-tools -> 200
2026-04-20 20:17:01 | INFO     | cs_stack | POST /api/studyplan/me/direction/dev-tools
2026-04-20 20:17:01 | INFO     | cs_stack | POST /api/studyplan/me/direction/dev-tools -> 200
2026-04-20 20:17:02 | INFO     | cs_stack | GET /api/studyplan/me
2026-04-20 20:17:02 | INFO     | cs_stack | GET /api/studyplan/me -> 200
2026-04-20 20:17:02 | INFO     | cs_stack | GET /api/studyplan/me
2026-04-20 20:17:02 | INFO     | cs_stack | GET /api/studyplan/me -> 200
2026-04-20 20:20:37 | INFO     | cs_stack | GET /api/paths/
2026-04-20 20:20:37 | INFO     | cs_stack | GET /api/paths/ -> 200
2026-04-20 20:20:37 | INFO     | cs_stack | GET /api/paths/
2026-04-20 20:20:37 | INFO     | cs_stack | GET /api/paths/ -> 200
2026-04-20 20:21:35 | INFO     | cs_stack | GET /api/courses
2026-04-20 20:21:35 | INFO     | cs_stack | GET /api/courses -> 307
2026-04-20 20:21:35 | INFO     | cs_stack | GET /api/courses
2026-04-20 20:21:35 | INFO     | cs_stack | GET /api/courses -> 307
2026-04-20 20:21:35 | INFO     | cs_stack | GET /api/courses/
2026-04-20 20:21:35 | INFO     | cs_stack | GET /api/courses/ -> 200
2026-04-20 20:21:35 | INFO     | cs_stack | GET /api/courses/
2026-04-20 20:21:35 | INFO     | cs_stack | GET /api/courses/ -> 200
2026-04-20 20:21:39 | INFO     | cs_stack | GET /api/courses
2026-04-20 20:21:39 | INFO     | cs_stack | GET /api/courses -> 307
2026-04-20 20:21:39 | INFO     | cs_stack | GET /api/courses/
2026-04-20 20:21:39 | INFO     | cs_stack | GET /api/courses/ -> 200
2026-04-20 20:21:43 | INFO     | cs_stack | GET /api/courses
2026-04-20 20:21:43 | INFO     | cs_stack | GET /api/courses -> 307
2026-04-20 20:21:43 | INFO     | cs_stack | GET /api/courses/
2026-04-20 20:21:43 | INFO     | cs_stack | GET /api/courses/ -> 200
2026-04-20 20:21:44 | INFO     | cs_stack | GET /api/courses
2026-04-20 20:21:44 | INFO     | cs_stack | GET /api/courses -> 307
2026-04-20 20:21:44 | INFO     | cs_stack | GET /api/courses/
2026-04-20 20:21:44 | INFO     | cs_stack | GET /api/courses/ -> 200
2026-04-20 20:21:45 | INFO     | cs_stack | GET /api/courses
2026-04-20 20:21:45 | INFO     | cs_stack | GET /api/courses -> 307
2026-04-20 20:21:45 | INFO     | cs_stack | GET /api/courses/
2026-04-20 20:21:45 | INFO     | cs_stack | GET /api/courses/ -> 200
2026-04-20 20:21:45 | INFO     | cs_stack | GET /api/courses
2026-04-20 20:21:45 | INFO     | cs_stack | GET /api/courses -> 307
2026-04-20 20:21:45 | INFO     | cs_stack | GET /api/courses/
2026-04-20 20:21:45 | INFO     | cs_stack | GET /api/courses/ -> 200
2026-04-20 20:21:56 | INFO     | cs_stack | GET /api/courses
2026-04-20 20:21:56 | INFO     | cs_stack | GET /api/courses -> 307
2026-04-20 20:21:56 | INFO     | cs_stack | GET /api/courses/
2026-04-20 20:21:56 | INFO     | cs_stack | GET /api/courses/ -> 200
2026-04-20 20:21:57 | INFO     | cs_stack | GET /api/courses
2026-04-20 20:21:57 | INFO     | cs_stack | GET /api/courses -> 307
2026-04-20 20:21:57 | INFO     | cs_stack | GET /api/courses/
2026-04-20 20:21:57 | INFO     | cs_stack | GET /api/courses/ -> 200
2026-04-20 20:22:08 | INFO     | cs_stack | GET /api/courses
2026-04-20 20:22:08 | INFO     | cs_stack | GET /api/courses -> 307
2026-04-20 20:22:08 | INFO     | cs_stack | GET /api/courses/
2026-04-20 20:22:08 | INFO     | cs_stack | GET /api/courses/ -> 200
2026-04-20 20:22:11 | INFO     | cs_stack | GET /api/courses
2026-04-20 20:22:11 | INFO     | cs_stack | GET /api/courses -> 307
2026-04-20 20:22:11 | INFO     | cs_stack | GET /api/courses/
2026-04-20 20:22:11 | INFO     | cs_stack | GET /api/courses/ -> 200
2026-04-20 20:23:02 | INFO     | cs_stack | GET /api/xp/me
2026-04-20 20:23:02 | INFO     | cs_stack | GET /api/users/me/stats
2026-04-20 20:23:02 | INFO     | cs_stack | GET /api/users/me/checkin/calendar
2026-04-20 20:23:02 | INFO     | cs_stack | GET /api/studyplan/me/completed
2026-04-20 20:23:02 | INFO     | cs_stack | GET /api/xp/me -> 200
2026-04-20 20:23:02 | INFO     | cs_stack | GET /api/users/me/stats -> 200
2026-04-20 20:23:02 | INFO     | cs_stack | GET /api/users/me/checkin/calendar -> 200
2026-04-20 20:23:02 | INFO     | cs_stack | GET /api/studyplan/me/completed -> 200
2026-04-20 20:23:02 | INFO     | cs_stack | GET /api/xp/me
2026-04-20 20:23:02 | INFO     | cs_stack | GET /api/xp/me -> 200
2026-04-20 20:23:02 | INFO     | cs_stack | GET /api/users/me/checkin/calendar
2026-04-20 20:23:02 | INFO     | cs_stack | GET /api/users/me/stats
2026-04-20 20:23:02 | INFO     | cs_stack | GET /api/studyplan/me/completed
2026-04-20 20:23:02 | INFO     | cs_stack | GET /api/users/me/checkin/calendar -> 200
2026-04-20 20:23:02 | INFO     | cs_stack | GET /api/xp/me
2026-04-20 20:23:02 | INFO     | cs_stack | GET /api/users/me/stats -> 200
2026-04-20 20:23:02 | INFO     | cs_stack | GET /api/studyplan/me/completed -> 200
2026-04-20 20:23:02 | INFO     | cs_stack | GET /api/xp/me -> 200
2026-04-20 20:23:02 | INFO     | cs_stack | GET /api/xp/me
2026-04-20 20:23:02 | INFO     | cs_stack | GET /api/xp/me -> 200
2026-04-20 20:23:56 | INFO     | cs_stack | GET /api/admin/stats
2026-04-20 20:23:56 | INFO     | cs_stack | GET /api/admin/stats -> 200
2026-04-20 20:23:56 | INFO     | cs_stack | GET /api/admin/stats
2026-04-20 20:23:56 | INFO     | cs_stack | GET /api/admin/stats -> 200
2026-04-20 20:24:06 | INFO     | cs_stack | GET /api/admin/users
2026-04-20 20:24:06 | INFO     | cs_stack | GET /api/admin/users -> 200
2026-04-20 20:24:06 | INFO     | cs_stack | GET /api/admin/users
2026-04-20 20:24:06 | INFO     | cs_stack | GET /api/admin/users -> 200
2026-04-20 20:24:07 | INFO     | cs_stack | GET /api/admin/stats
2026-04-20 20:24:07 | INFO     | cs_stack | GET /api/admin/stats -> 200
2026-04-20 20:24:07 | INFO     | cs_stack | GET /api/admin/stats
2026-04-20 20:24:07 | INFO     | cs_stack | GET /api/admin/stats -> 200
2026-04-20 20:24:08 | INFO     | cs_stack | GET /api/admin/courses
2026-04-20 20:24:08 | INFO     | cs_stack | GET /api/admin/courses -> 200
2026-04-20 20:24:08 | INFO     | cs_stack | GET /api/admin/courses
2026-04-20 20:24:08 | INFO     | cs_stack | GET /api/admin/courses -> 200
2026-04-20 20:24:30 | INFO     | cs_stack | GET /api/admin/users
2026-04-20 20:24:30 | INFO     | cs_stack | GET /api/admin/users -> 200
2026-04-20 20:24:30 | INFO     | cs_stack | GET /api/admin/users
2026-04-20 20:24:30 | INFO     | cs_stack | GET /api/admin/users -> 200
2026-04-20 20:24:30 | INFO     | cs_stack | GET /api/admin/stats
2026-04-20 20:24:30 | INFO     | cs_stack | GET /api/admin/stats -> 200
2026-04-20 20:24:30 | INFO     | cs_stack | GET /api/admin/stats
2026-04-20 20:24:30 | INFO     | cs_stack | GET /api/admin/stats -> 200
2026-04-20 20:24:32 | INFO     | cs_stack | GET /api/admin/users
2026-04-20 20:24:32 | INFO     | cs_stack | GET /api/admin/users -> 200
2026-04-20 20:24:32 | INFO     | cs_stack | GET /api/admin/users
2026-04-20 20:24:32 | INFO     | cs_stack | GET /api/admin/users -> 200
2026-04-20 20:24:32 | INFO     | cs_stack | GET /api/admin/courses
2026-04-20 20:24:32 | INFO     | cs_stack | GET /api/admin/courses -> 200
2026-04-20 20:24:32 | INFO     | cs_stack | GET /api/admin/courses
2026-04-20 20:24:32 | INFO     | cs_stack | GET /api/admin/courses -> 200
2026-04-20 20:24:35 | INFO     | cs_stack | GET /api/admin/ai/config
2026-04-20 20:24:36 | INFO     | cs_stack | GET /api/admin/ai/config -> 200
2026-04-20 20:24:36 | INFO     | cs_stack | GET /api/admin/ai/config
2026-04-20 20:24:36 | INFO     | cs_stack | GET /api/admin/ai/config -> 200
2026-04-20 20:24:36 | INFO     | cs_stack | GET /api/admin/courses
2026-04-20 20:24:36 | INFO     | cs_stack | GET /api/admin/courses -> 200
2026-04-20 20:24:36 | INFO     | cs_stack | GET /api/admin/courses
2026-04-20 20:24:36 | INFO     | cs_stack | GET /api/admin/courses -> 200
2026-04-20 20:24:37 | INFO     | cs_stack | GET /api/admin/ai/config
2026-04-20 20:24:37 | INFO     | cs_stack | GET /api/admin/ai/config -> 200
2026-04-20 20:24:37 | INFO     | cs_stack | GET /api/admin/ai/config
2026-04-20 20:24:37 | INFO     | cs_stack | GET /api/admin/ai/config -> 200
2026-04-20 20:24:43 | INFO     | cs_stack | GET /api/admin/stats
2026-04-20 20:24:43 | INFO     | cs_stack | GET /api/admin/stats -> 200
2026-04-20 20:24:43 | INFO     | cs_stack | GET /api/admin/stats
2026-04-20 20:24:43 | INFO     | cs_stack | GET /api/admin/stats -> 200
2026-04-20 20:24:43 | INFO     | cs_stack | GET /api/admin/users
2026-04-20 20:24:43 | INFO     | cs_stack | GET /api/admin/users -> 200
2026-04-20 20:24:43 | INFO     | cs_stack | GET /api/admin/users
2026-04-20 20:24:43 | INFO     | cs_stack | GET /api/admin/users -> 200
2026-04-20 20:24:49 | INFO     | cs_stack | GET /api/admin/stats
2026-04-20 20:24:49 | INFO     | cs_stack | GET /api/admin/stats -> 200
2026-04-20 20:24:49 | INFO     | cs_stack | GET /api/admin/stats
2026-04-20 20:24:49 | INFO     | cs_stack | GET /api/admin/stats -> 200
2026-04-20 20:26:14 | INFO     | cs_stack | GET /api/courses
2026-04-20 20:26:14 | INFO     | cs_stack | GET /api/courses -> 307
2026-04-20 20:26:14 | INFO     | cs_stack | GET /api/courses
2026-04-20 20:26:14 | INFO     | cs_stack | GET /api/courses -> 307
2026-04-20 20:26:15 | INFO     | cs_stack | GET /api/courses/
2026-04-20 20:26:15 | INFO     | cs_stack | GET /api/courses/ -> 200
2026-04-20 20:26:15 | INFO     | cs_stack | GET /api/courses/
2026-04-20 20:26:15 | INFO     | cs_stack | GET /api/courses/ -> 200
2026-04-20 20:26:40 | INFO     | cs_stack | GET /api/courses
2026-04-20 20:26:40 | INFO     | cs_stack | GET /api/courses -> 307
2026-04-20 20:26:40 | INFO     | cs_stack | GET /api/courses/
2026-04-20 20:26:40 | INFO     | cs_stack | GET /api/courses/ -> 200
2026-04-20 20:27:18 | INFO     | cs_stack | GET /api/paths/
2026-04-20 20:27:18 | INFO     | cs_stack | GET /api/paths/ -> 200
2026-04-20 20:27:18 | INFO     | cs_stack | GET /api/paths/
2026-04-20 20:27:18 | INFO     | cs_stack | GET /api/paths/ -> 200
2026-04-20 20:27:19 | INFO     | cs_stack | GET /api/studyplan/me
2026-04-20 20:27:19 | INFO     | cs_stack | GET /api/studyplan/me -> 200
2026-04-20 20:27:19 | INFO     | cs_stack | GET /api/studyplan/me
2026-04-20 20:27:19 | INFO     | cs_stack | GET /api/studyplan/me -> 200
2026-04-20 20:27:21 | INFO     | cs_stack | GET /api/courses
2026-04-20 20:27:21 | INFO     | cs_stack | GET /api/courses -> 307
2026-04-20 20:27:21 | INFO     | cs_stack | GET /api/courses
2026-04-20 20:27:21 | INFO     | cs_stack | GET /api/courses -> 307
2026-04-20 20:27:22 | INFO     | cs_stack | GET /api/courses/
2026-04-20 20:27:22 | INFO     | cs_stack | GET /api/courses/ -> 200
2026-04-20 20:27:22 | INFO     | cs_stack | GET /api/courses/
2026-04-20 20:27:22 | INFO     | cs_stack | GET /api/courses/ -> 200
2026-04-20 20:27:22 | INFO     | cs_stack | GET /api/studyplan/me
2026-04-20 20:27:22 | INFO     | cs_stack | GET /api/studyplan/me -> 200
2026-04-20 20:27:22 | INFO     | cs_stack | GET /api/studyplan/me
2026-04-20 20:27:22 | INFO     | cs_stack | GET /api/studyplan/me -> 200
2026-04-20 20:29:04 | INFO     | cs_stack | GET /api/courses
2026-04-20 20:29:04 | INFO     | cs_stack | GET /api/courses -> 307
2026-04-20 20:29:04 | INFO     | cs_stack | GET /api/courses
2026-04-20 20:29:04 | INFO     | cs_stack | GET /api/courses -> 307
2026-04-20 20:29:04 | INFO     | cs_stack | GET /api/courses/
2026-04-20 20:29:04 | INFO     | cs_stack | GET /api/courses/ -> 200
2026-04-20 20:29:04 | INFO     | cs_stack | GET /api/courses/
2026-04-20 20:29:04 | INFO     | cs_stack | GET /api/courses/ -> 200
2026-04-20 20:30:51 | INFO     | cs_stack | GET /api/users/me/progress
2026-04-20 20:30:51 | INFO     | cs_stack | GET /api/courses/docker-fundamentals
2026-04-20 20:30:51 | INFO     | cs_stack | GET /api/courses/docker-fundamentals/content
2026-04-20 20:30:51 | INFO     | cs_stack | GET /api/users/me/progress -> 200
2026-04-20 20:30:51 | INFO     | cs_stack | GET /api/courses/docker-fundamentals -> 200
2026-04-20 20:30:51 | INFO     | cs_stack | GET /api/courses/docker-fundamentals/content -> 200
2026-04-20 20:30:51 | INFO     | cs_stack | GET /api/users/me/progress
2026-04-20 20:30:51 | INFO     | cs_stack | GET /api/courses/docker-fundamentals
2026-04-20 20:30:51 | INFO     | cs_stack | GET /api/users/me/progress -> 200
2026-04-20 20:30:51 | INFO     | cs_stack | GET /api/courses/docker-fundamentals/content
2026-04-20 20:30:51 | INFO     | cs_stack | GET /api/courses/docker-fundamentals -> 200
2026-04-20 20:30:51 | INFO     | cs_stack | GET /api/courses/docker-fundamentals/content -> 200
